2025-02-21 22:34:48.473 [warning] Via 'product.json#extensionEnabledApiProposals' extension 'ms-vscode.vscode-selfhost-test-provider' wants API proposal 'attributableCoverage' but that proposal DOES NOT EXIST. Likely, the proposal has been finalized (check 'vscode.d.ts') or was abandoned.
2025-02-21 22:34:48.473 [warning] Via 'product.json#extensionEnabledApiProposals' extension 'ms-python.python' wants API proposal 'contribIssueReporter' but that proposal DOES NOT EXIST. Likely, the proposal has been finalized (check 'vscode.d.ts') or was abandoned.
2025-02-21 22:34:48.474 [warning] Via 'product.json#extensionEnabledApiProposals' extension 'ms-python.debugpy' wants API proposal 'contribIssueReporter' but that proposal DOES NOT EXIST. Likely, the proposal has been finalized (check 'vscode.d.ts') or was abandoned.
2025-02-21 22:34:48.474 [warning] Via 'product.json#extensionEnabledApiProposals' extension 'redhat.java' wants API proposal 'documentPaste' but that proposal DOES NOT EXIST. Likely, the proposal has been finalized (check 'vscode.d.ts') or was abandoned.
2025-02-21 22:34:48.742 [warning] Settings pattern "issueReporter.*" doesn't match any settings
2025-02-21 22:34:48.864 [info] Started local extension host with pid 104282.
2025-02-21 22:34:49.111 [error] TreeError [SettingsTree] Tree element not found: [object Object]: Error: TreeError [SettingsTree] Tree element not found: [object Object]
    at dms.getElementLocation (vscode-file://vscode-app/opt/vscodium-bin/resources/app/out/vs/workbench/workbench.desktop.main.js:412:10066)
    at dms.rerender (vscode-file://vscode-app/opt/vscodium-bin/resources/app/out/vs/workbench/workbench.desktop.main.js:412:8165)
    at nze.rerender (vscode-file://vscode-app/opt/vscodium-bin/resources/app/out/vs/workbench/workbench.desktop.main.js:412:17945)
    at $b.refreshSingleElement (vscode-file://vscode-app/opt/vscodium-bin/resources/app/out/vs/workbench/workbench.desktop.main.js:1326:68220)
    at $b.renderTree (vscode-file://vscode-app/opt/vscodium-bin/resources/app/out/vs/workbench/workbench.desktop.main.js:1326:68004)
    at vscode-file://vscode-app/opt/vscodium-bin/resources/app/out/vs/workbench/workbench.desktop.main.js:1326:67077
    at Set.forEach (<anonymous>)
    at $b.updateElementsByKey (vscode-file://vscode-app/opt/vscodium-bin/resources/app/out/vs/workbench/workbench.desktop.main.js:1326:67061)
    at vte.value (vscode-file://vscode-app/opt/vscodium-bin/resources/app/out/vs/workbench/workbench.desktop.main.js:1326:44676)
    at E._deliver (vscode-file://vscode-app/opt/vscodium-bin/resources/app/out/vs/workbench/workbench.desktop.main.js:29:2956)
2025-02-21 22:34:49.977 [warning] Settings pattern "issueReporter.*" doesn't match any settings
2025-02-21 22:34:51.435 [warning] Settings pattern "issueReporter.*" doesn't match any settings
2025-02-21 22:34:53.568 [info] [perf] Render performance baseline is 22ms
2025-02-21 22:34:53.847 [warning] Settings pattern "issueReporter.*" doesn't match any settings
2025-02-21 22:35:03.278 [error] Error while getting the latest version for the extension redhat.java. Canceled
2025-02-21 22:35:14.295 [warning] Settings pattern "issueReporter.*" doesn't match any settings
