2025-02-21 22:32:00.208 [info] Extension host with pid 103648 started
2025-02-21 22:32:00.208 [info] Skipping acquiring lock for /home/jacko/.config/VSCodium/User/workspaceStorage/f1b0318d58b39d3fa5f87640757772f0.
2025-02-21 22:32:00.298 [info] ExtensionService#_doActivateExtension vscode.emmet, startup: false, activationEvent: 'onLanguage'
2025-02-21 22:32:00.363 [info] ExtensionService#_doActivateExtension vscode.git-base, startup: true, activationEvent: '*', root cause: vscode.git
2025-02-21 22:32:00.481 [info] ExtensionService#_doActivateExtension vscode.git, startup: true, activationEvent: '*'
2025-02-21 22:32:00.548 [info] ExtensionService#_doActivateExtension vscode.github, startup: true, activationEvent: '*'
2025-02-21 22:32:00.629 [info] Eager extensions activated
2025-02-21 22:32:00.679 [info] ExtensionService#_doActivateExtension vscode.debug-auto-launch, startup: false, activationEvent: 'onStartupFinished'
2025-02-21 22:32:00.682 [info] ExtensionService#_doActivateExtension vscode.merge-conflict, startup: false, activationEvent: 'onStartupFinished'
2025-02-21 22:32:00.700 [info] ExtensionService#_doActivateExtension esbenp.prettier-vscode, startup: false, activationEvent: 'onStartupFinished'
2025-02-21 22:32:13.195 [info] Extension host terminating: renderer closed the MessagePort
2025-02-21 22:32:13.200 [info] Extension host with pid 103648 exiting with code 0
2025-02-21 22:32:14.221 [info] Extension host with pid 103829 started
2025-02-21 22:32:14.221 [info] Skipping acquiring lock for /home/jacko/.config/VSCodium/User/workspaceStorage/b5bac9f4a930f2eba86c651fb135983c.
2025-02-21 22:32:14.239 [info] ExtensionService#_doActivateExtension vscode.git-base, startup: true, activationEvent: '*', root cause: vscode.git
2025-02-21 22:32:14.349 [info] ExtensionService#_doActivateExtension vscode.git, startup: true, activationEvent: '*'
2025-02-21 22:32:14.408 [info] ExtensionService#_doActivateExtension vscode.github, startup: true, activationEvent: '*'
2025-02-21 22:32:14.461 [info] Eager extensions activated
2025-02-21 22:32:14.472 [info] ExtensionService#_doActivateExtension vscode.debug-auto-launch, startup: false, activationEvent: 'onStartupFinished'
2025-02-21 22:32:14.474 [info] ExtensionService#_doActivateExtension vscode.merge-conflict, startup: false, activationEvent: 'onStartupFinished'
2025-02-21 22:32:14.488 [info] ExtensionService#_doActivateExtension esbenp.prettier-vscode, startup: false, activationEvent: 'onStartupFinished'
2025-02-21 22:32:16.396 [info] ExtensionService#_doActivateExtension vscode.emmet, startup: false, activationEvent: 'onLanguage'
2025-02-21 22:33:23.685 [info] ExtensionService#_doActivateExtension vscode.configuration-editing, startup: false, activationEvent: 'onLanguage:jsonc'
2025-02-21 22:33:23.697 [info] ExtensionService#_doActivateExtension vscode.json-language-features, startup: false, activationEvent: 'onLanguage:jsonc'
2025-02-21 22:33:23.748 [info] ExtensionService#_doActivateExtension vscode.typescript-language-features, startup: false, activationEvent: 'onLanguage:jsonc'
2025-02-21 22:34:47.507 [info] Extension host terminating: renderer closed the MessagePort
2025-02-21 22:34:47.517 [info] Extension host with pid 103829 exiting with code 0
