2025-02-22 15:41:30.051 [info] [main] Log level: Info
2025-02-22 15:41:30.051 [info] [main] Validating found git in: "git"
2025-02-22 15:41:30.051 [info] [main] Using git "2.48.1" from "git"
2025-02-22 15:41:30.051 [info] [Model][doInitialScan] Initial repository scan started
2025-02-22 15:41:30.051 [info] > git rev-parse --show-toplevel [4ms]
2025-02-22 15:41:30.051 [info] fatal: not a git repository (or any parent up to mount point /)
Stopping at filesystem boundary (GIT_DISCOVERY_ACROSS_FILESYSTEM not set).
2025-02-22 15:41:30.051 [info] [Model][doInitialScan] Initial repository scan completed - repositories (0), closed repositories (0), parent repositories (0), unsafe repositories (0)
2025-02-22 15:41:31.459 [info] > git rev-parse --show-toplevel [1ms]
2025-02-22 15:41:31.459 [info] fatal: not a git repository (or any parent up to mount point /)
Stopping at filesystem boundary (GIT_DISCOVERY_ACROSS_FILESYSTEM not set).
2025-02-22 15:51:22.423 [info] > git rev-parse --show-toplevel [2ms]
2025-02-22 15:51:22.423 [info] fatal: not a git repository (or any parent up to mount point /)
Stopping at filesystem boundary (GIT_DISCOVERY_ACROSS_FILESYSTEM not set).
2025-02-22 16:14:32.523 [info] > git rev-parse --show-toplevel [2ms]
2025-02-22 16:14:32.523 [info] fatal: not a git repository (or any parent up to mount point /)
Stopping at filesystem boundary (GIT_DISCOVERY_ACROSS_FILESYSTEM not set).
2025-02-22 16:15:09.748 [info] > git rev-parse --show-toplevel [2ms]
2025-02-22 16:15:09.748 [info] fatal: not a git repository (or any parent up to mount point /)
Stopping at filesystem boundary (GIT_DISCOVERY_ACROSS_FILESYSTEM not set).
2025-02-22 16:16:33.990 [info] > git rev-parse --show-toplevel [2ms]
2025-02-22 16:16:33.990 [info] fatal: not a git repository (or any parent up to mount point /)
Stopping at filesystem boundary (GIT_DISCOVERY_ACROSS_FILESYSTEM not set).
