2025-02-22 14:49:25.832 [info] Extension host with pid 27140 started
2025-02-22 14:49:25.832 [info] Skipping acquiring lock for /home/jacko/.config/VSCodium/User/workspaceStorage/f1b0318d58b39d3fa5f87640757772f0.
2025-02-22 14:49:25.883 [info] ExtensionService#_doActivateExtension vscode.emmet, startup: false, activationEvent: 'onLanguage'
2025-02-22 14:49:25.970 [info] ExtensionService#_doActivateExtension vscode.git-base, startup: true, activationEvent: '*', root cause: vscode.git
2025-02-22 14:49:26.082 [info] ExtensionService#_doActivateExtension vscode.git, startup: true, activationEvent: '*'
2025-02-22 14:49:26.206 [info] ExtensionService#_doActivateExtension vscode.github, startup: true, activationEvent: '*'
2025-02-22 14:49:26.334 [info] Eager extensions activated
2025-02-22 14:49:26.377 [info] ExtensionService#_doActivateExtension vscode.debug-auto-launch, startup: false, activationEvent: 'onStartupFinished'
2025-02-22 14:49:26.380 [info] ExtensionService#_doActivateExtension vscode.merge-conflict, startup: false, activationEvent: 'onStartupFinished'
2025-02-22 14:49:26.410 [info] ExtensionService#_doActivateExtension esbenp.prettier-vscode, startup: false, activationEvent: 'onStartupFinished'
2025-02-22 14:57:28.289 [info] Extension host terminating: renderer closed the MessagePort
2025-02-22 14:57:28.315 [info] Extension host with pid 27140 exiting with code 0
2025-02-22 14:57:30.907 [info] Extension host with pid 43307 started
2025-02-22 14:57:30.908 [info] Skipping acquiring lock for /home/jacko/.config/VSCodium/User/workspaceStorage/03ba52d97d0cb153a7c9fc980b796f19.
2025-02-22 14:57:30.976 [info] ExtensionService#_doActivateExtension vscode.git-base, startup: true, activationEvent: '*', root cause: vscode.git
2025-02-22 14:57:31.124 [info] ExtensionService#_doActivateExtension vscode.git, startup: true, activationEvent: '*'
2025-02-22 14:57:31.252 [info] ExtensionService#_doActivateExtension vscode.github, startup: true, activationEvent: '*'
2025-02-22 14:57:31.376 [info] Eager extensions activated
2025-02-22 14:57:31.473 [info] ExtensionService#_doActivateExtension vscode.debug-auto-launch, startup: false, activationEvent: 'onStartupFinished'
2025-02-22 14:57:31.477 [info] ExtensionService#_doActivateExtension vscode.merge-conflict, startup: false, activationEvent: 'onStartupFinished'
2025-02-22 14:57:31.503 [info] ExtensionService#_doActivateExtension esbenp.prettier-vscode, startup: false, activationEvent: 'onStartupFinished'
2025-02-22 15:05:04.699 [info] Extension host terminating: renderer closed the MessagePort
