2025-02-21 22:34:49.797 [info] [main] Log level: Info
2025-02-21 22:34:49.797 [info] [main] Validating found git in: "git"
2025-02-21 22:34:49.797 [info] [main] Using git "2.48.1" from "git"
2025-02-21 22:34:49.797 [info] [Model][doInitialScan] Initial repository scan started
2025-02-21 22:34:49.797 [info] > git rev-parse --show-toplevel [5ms]
2025-02-21 22:34:49.797 [info] fatal: not a git repository (or any parent up to mount point /)
Stopping at filesystem boundary (GIT_DISCOVERY_ACROSS_FILESYSTEM not set).
2025-02-21 22:34:49.797 [info] [Model][doInitialScan] Initial repository scan completed - repositories (0), closed repositories (0), parent repositories (0), unsafe repositories (0)
2025-02-21 22:34:50.901 [info] > git rev-parse --show-toplevel [1ms]
2025-02-21 22:34:50.901 [info] fatal: not a git repository (or any parent up to mount point /)
Stopping at filesystem boundary (GIT_DISCOVERY_ACROSS_FILESYSTEM not set).
2025-02-21 22:34:50.933 [info] > git rev-parse --show-toplevel [2ms]
2025-02-21 22:34:50.933 [info] fatal: not a git repository (or any parent up to mount point /)
Stopping at filesystem boundary (GIT_DISCOVERY_ACROSS_FILESYSTEM not set).
2025-02-21 22:34:53.307 [info] > git rev-parse --show-toplevel [1ms]
2025-02-21 22:34:53.308 [info] fatal: not a git repository (or any parent up to mount point /)
Stopping at filesystem boundary (GIT_DISCOVERY_ACROSS_FILESYSTEM not set).
2025-02-21 22:35:12.623 [info] > git rev-parse --show-toplevel [2ms]
2025-02-21 22:35:12.623 [info] fatal: not a git repository (or any parent up to mount point /)
Stopping at filesystem boundary (GIT_DISCOVERY_ACROSS_FILESYSTEM not set).
2025-02-21 22:35:28.586 [info] > git rev-parse --show-toplevel [2ms]
2025-02-21 22:35:28.586 [info] fatal: not a git repository (or any parent up to mount point /)
Stopping at filesystem boundary (GIT_DISCOVERY_ACROSS_FILESYSTEM not set).
