2025-02-19 09:03:27.849 [info] Extension host with pid 23053 started
2025-02-19 09:03:27.920 [info] ExtensionService#_doActivateExtension vscode.emmet, startup: false, activationEvent: 'onLanguage'
2025-02-19 09:03:28.006 [info] ExtensionService#_doActivateExtension vscode.git-base, startup: true, activationEvent: '*', root cause: vscode.git
2025-02-19 09:03:28.011 [info] ExtensionService#_doActivateExtension vscode.git, startup: true, activationEvent: '*'
2025-02-19 09:03:28.120 [info] ExtensionService#_doActivateExtension vscode.github, startup: true, activationEvent: '*'
2025-02-19 09:03:28.243 [info] Eager extensions activated
2025-02-19 09:03:28.308 [info] ExtensionService#_doActivateExtension vscode.debug-auto-launch, startup: false, activationEvent: 'onStartupFinished'
2025-02-19 09:03:28.312 [info] ExtensionService#_doActivateExtension vscode.merge-conflict, startup: false, activationEvent: 'onStartupFinished'
2025-02-19 09:09:56.332 [info] ExtensionService#_doActivateExtension esbenp.prettier-vscode, startup: false, activationEvent: 'onStartupFinished'
2025-02-19 09:11:01.236 [info] ExtensionService#_doActivateExtension redhat.java, startup: false, activationEvent: 'onLanguage:java'
2025-02-19 09:11:01.518 [info] ExtensionService#_doActivateExtension vscjava.vscode-java-debug, startup: false, activationEvent: 'onLanguage:java'
2025-02-19 09:11:01.603 [info] ExtensionService#_doActivateExtension vscjava.vscode-java-dependency, startup: false, activationEvent: 'onLanguage:java'
2025-02-19 09:11:01.734 [info] ExtensionService#_doActivateExtension vscjava.vscode-java-pack, startup: false, activationEvent: 'onLanguage:java'
2025-02-19 09:11:02.085 [warning] [redhat.java] Accessing a resource scoped configuration without providing a resource is not expected. To get the effective value for '[java]', provide the URI of a resource or 'null' for any resource.
2025-02-19 09:11:02.162 [info] ExtensionService#_doActivateExtension vscjava.vscode-java-test, startup: false, activationEvent: 'onLanguage:java'
2025-02-19 09:11:02.281 [warning] [redhat.java] Accessing a resource scoped configuration without providing a resource is not expected. To get the effective value for '[java]', provide the URI of a resource or 'null' for any resource.
2025-02-19 09:11:10.018 [error] [redhat.java] provider FAILED
2025-02-19 09:11:10.020 [error] Error: The request (id: 16, method: 'textDocument/documentSymbol') has been cancelled
	at /home/jacko/SpottedNDotted/vscodium/.vscode-oss/extensions/redhat.java-1.39.0-linux-x64/dist/extension.js:2:1066478
	at re (/home/jacko/SpottedNDotted/vscodium/.vscode-oss/extensions/redhat.java-1.39.0-linux-x64/dist/extension.js:2:1066772)
	at /home/jacko/SpottedNDotted/vscodium/.vscode-oss/extensions/redhat.java-1.39.0-linux-x64/dist/extension.js:2:1061556
	at Immediate.<anonymous> (/home/jacko/SpottedNDotted/vscodium/.vscode-oss/extensions/redhat.java-1.39.0-linux-x64/dist/extension.js:2:1061576)
	at process.processImmediate (node:internal/timers:483:21)
2025-02-19 09:11:30.176 [error] [redhat.java] provider FAILED
2025-02-19 09:11:30.177 [error] Error: The request (id: 134, method: 'textDocument/documentSymbol') has been cancelled
	at /home/jacko/SpottedNDotted/vscodium/.vscode-oss/extensions/redhat.java-1.39.0-linux-x64/dist/extension.js:2:1066478
	at re (/home/jacko/SpottedNDotted/vscodium/.vscode-oss/extensions/redhat.java-1.39.0-linux-x64/dist/extension.js:2:1066772)
	at /home/jacko/SpottedNDotted/vscodium/.vscode-oss/extensions/redhat.java-1.39.0-linux-x64/dist/extension.js:2:1061556
	at Immediate.<anonymous> (/home/jacko/SpottedNDotted/vscodium/.vscode-oss/extensions/redhat.java-1.39.0-linux-x64/dist/extension.js:2:1061576)
	at process.processImmediate (node:internal/timers:483:21)
2025-02-19 09:11:54.717 [error] [redhat.java] provider FAILED
2025-02-19 09:11:54.717 [error] Error: The request (id: 377, method: 'textDocument/documentSymbol') has been cancelled
	at /home/jacko/SpottedNDotted/vscodium/.vscode-oss/extensions/redhat.java-1.39.0-linux-x64/dist/extension.js:2:1066478
	at re (/home/jacko/SpottedNDotted/vscodium/.vscode-oss/extensions/redhat.java-1.39.0-linux-x64/dist/extension.js:2:1066772)
	at /home/jacko/SpottedNDotted/vscodium/.vscode-oss/extensions/redhat.java-1.39.0-linux-x64/dist/extension.js:2:1061556
	at Immediate.<anonymous> (/home/jacko/SpottedNDotted/vscodium/.vscode-oss/extensions/redhat.java-1.39.0-linux-x64/dist/extension.js:2:1061576)
	at process.processImmediate (node:internal/timers:483:21)
2025-02-19 09:11:55.151 [error] [redhat.java] provider FAILED
2025-02-19 09:11:55.152 [error] TypeError: Cannot read properties of null (reading 'documentation')
	at /home/jacko/SpottedNDotted/vscodium/.vscode-oss/extensions/redhat.java-1.39.0-linux-x64/dist/extension.js:2:880717
	at Generator.next (<anonymous>)
	at s (/home/jacko/SpottedNDotted/vscodium/.vscode-oss/extensions/redhat.java-1.39.0-linux-x64/dist/extension.js:2:866095)
2025-02-19 09:11:55.660 [error] [redhat.java] provider FAILED
2025-02-19 09:11:55.660 [error] TypeError: Cannot read properties of null (reading 'documentation')
	at /home/jacko/SpottedNDotted/vscodium/.vscode-oss/extensions/redhat.java-1.39.0-linux-x64/dist/extension.js:2:880717
	at Generator.next (<anonymous>)
	at s (/home/jacko/SpottedNDotted/vscodium/.vscode-oss/extensions/redhat.java-1.39.0-linux-x64/dist/extension.js:2:866095)
2025-02-19 09:11:55.957 [error] [redhat.java] provider FAILED
2025-02-19 09:11:55.958 [error] TypeError: Cannot read properties of null (reading 'documentation')
	at /home/jacko/SpottedNDotted/vscodium/.vscode-oss/extensions/redhat.java-1.39.0-linux-x64/dist/extension.js:2:880717
	at Generator.next (<anonymous>)
	at s (/home/jacko/SpottedNDotted/vscodium/.vscode-oss/extensions/redhat.java-1.39.0-linux-x64/dist/extension.js:2:866095)
2025-02-19 09:11:56.114 [error] [redhat.java] provider FAILED
2025-02-19 09:11:56.114 [error] Error: The request (id: 404, method: 'textDocument/documentSymbol') has been cancelled
	at /home/jacko/SpottedNDotted/vscodium/.vscode-oss/extensions/redhat.java-1.39.0-linux-x64/dist/extension.js:2:1066478
	at re (/home/jacko/SpottedNDotted/vscodium/.vscode-oss/extensions/redhat.java-1.39.0-linux-x64/dist/extension.js:2:1066772)
	at /home/jacko/SpottedNDotted/vscodium/.vscode-oss/extensions/redhat.java-1.39.0-linux-x64/dist/extension.js:2:1061556
	at Immediate.<anonymous> (/home/jacko/SpottedNDotted/vscodium/.vscode-oss/extensions/redhat.java-1.39.0-linux-x64/dist/extension.js:2:1061576)
	at process.processImmediate (node:internal/timers:483:21)
2025-02-19 09:13:44.999 [error] [redhat.java] provider FAILED
2025-02-19 09:13:44.999 [error] Error: The request (id: 633, method: 'textDocument/documentSymbol') has been cancelled
	at /home/jacko/SpottedNDotted/vscodium/.vscode-oss/extensions/redhat.java-1.39.0-linux-x64/dist/extension.js:2:1066478
	at re (/home/jacko/SpottedNDotted/vscodium/.vscode-oss/extensions/redhat.java-1.39.0-linux-x64/dist/extension.js:2:1066772)
	at /home/jacko/SpottedNDotted/vscodium/.vscode-oss/extensions/redhat.java-1.39.0-linux-x64/dist/extension.js:2:1061556
	at Immediate.<anonymous> (/home/jacko/SpottedNDotted/vscodium/.vscode-oss/extensions/redhat.java-1.39.0-linux-x64/dist/extension.js:2:1061576)
	at process.processImmediate (node:internal/timers:483:21)
2025-02-19 09:14:23.261 [error] [redhat.java] provider FAILED
2025-02-19 09:14:23.262 [error] TypeError: Cannot read properties of null (reading 'documentation')
	at /home/jacko/SpottedNDotted/vscodium/.vscode-oss/extensions/redhat.java-1.39.0-linux-x64/dist/extension.js:2:880717
	at Generator.next (<anonymous>)
	at s (/home/jacko/SpottedNDotted/vscodium/.vscode-oss/extensions/redhat.java-1.39.0-linux-x64/dist/extension.js:2:866095)
2025-02-19 09:14:23.614 [error] [redhat.java] provider FAILED
2025-02-19 09:14:23.614 [error] TypeError: Cannot read properties of null (reading 'documentation')
	at /home/jacko/SpottedNDotted/vscodium/.vscode-oss/extensions/redhat.java-1.39.0-linux-x64/dist/extension.js:2:880717
	at Generator.next (<anonymous>)
	at s (/home/jacko/SpottedNDotted/vscodium/.vscode-oss/extensions/redhat.java-1.39.0-linux-x64/dist/extension.js:2:866095)
2025-02-19 09:14:23.887 [error] [redhat.java] provider FAILED
2025-02-19 09:14:23.888 [error] TypeError: Cannot read properties of null (reading 'documentation')
	at /home/jacko/SpottedNDotted/vscodium/.vscode-oss/extensions/redhat.java-1.39.0-linux-x64/dist/extension.js:2:880717
	at Generator.next (<anonymous>)
	at s (/home/jacko/SpottedNDotted/vscodium/.vscode-oss/extensions/redhat.java-1.39.0-linux-x64/dist/extension.js:2:866095)
2025-02-19 09:14:28.403 [error] [redhat.java] provider FAILED
2025-02-19 09:14:28.403 [error] Error: The request (id: 850, method: 'textDocument/documentSymbol') has been cancelled
	at /home/jacko/SpottedNDotted/vscodium/.vscode-oss/extensions/redhat.java-1.39.0-linux-x64/dist/extension.js:2:1066478
	at re (/home/jacko/SpottedNDotted/vscodium/.vscode-oss/extensions/redhat.java-1.39.0-linux-x64/dist/extension.js:2:1066772)
	at /home/jacko/SpottedNDotted/vscodium/.vscode-oss/extensions/redhat.java-1.39.0-linux-x64/dist/extension.js:2:1061556
	at Immediate.<anonymous> (/home/jacko/SpottedNDotted/vscodium/.vscode-oss/extensions/redhat.java-1.39.0-linux-x64/dist/extension.js:2:1061576)
	at process.processImmediate (node:internal/timers:483:21)
2025-02-19 09:14:46.636 [error] [redhat.java] provider FAILED
2025-02-19 09:14:46.637 [error] TypeError: Cannot read properties of null (reading 'documentation')
	at /home/jacko/SpottedNDotted/vscodium/.vscode-oss/extensions/redhat.java-1.39.0-linux-x64/dist/extension.js:2:880717
	at Generator.next (<anonymous>)
	at s (/home/jacko/SpottedNDotted/vscodium/.vscode-oss/extensions/redhat.java-1.39.0-linux-x64/dist/extension.js:2:866095)
2025-02-19 09:14:46.947 [error] [redhat.java] provider FAILED
2025-02-19 09:14:46.948 [error] Error: The request (id: 913, method: 'textDocument/documentSymbol') has been cancelled
	at /home/jacko/SpottedNDotted/vscodium/.vscode-oss/extensions/redhat.java-1.39.0-linux-x64/dist/extension.js:2:1066478
	at re (/home/jacko/SpottedNDotted/vscodium/.vscode-oss/extensions/redhat.java-1.39.0-linux-x64/dist/extension.js:2:1066772)
	at /home/jacko/SpottedNDotted/vscodium/.vscode-oss/extensions/redhat.java-1.39.0-linux-x64/dist/extension.js:2:1061556
	at Immediate.<anonymous> (/home/jacko/SpottedNDotted/vscodium/.vscode-oss/extensions/redhat.java-1.39.0-linux-x64/dist/extension.js:2:1061576)
	at process.processImmediate (node:internal/timers:483:21)
2025-02-19 09:14:48.525 [error] [redhat.java] provider FAILED
2025-02-19 09:14:48.525 [error] TypeError: Cannot read properties of null (reading 'documentation')
	at /home/jacko/SpottedNDotted/vscodium/.vscode-oss/extensions/redhat.java-1.39.0-linux-x64/dist/extension.js:2:880717
	at Generator.next (<anonymous>)
	at s (/home/jacko/SpottedNDotted/vscodium/.vscode-oss/extensions/redhat.java-1.39.0-linux-x64/dist/extension.js:2:866095)
2025-02-19 09:14:48.709 [error] [redhat.java] provider FAILED
2025-02-19 09:14:48.709 [error] TypeError: Cannot read properties of null (reading 'documentation')
	at /home/jacko/SpottedNDotted/vscodium/.vscode-oss/extensions/redhat.java-1.39.0-linux-x64/dist/extension.js:2:880717
	at Generator.next (<anonymous>)
	at s (/home/jacko/SpottedNDotted/vscodium/.vscode-oss/extensions/redhat.java-1.39.0-linux-x64/dist/extension.js:2:866095)
2025-02-19 09:14:48.711 [error] [redhat.java] provider FAILED
2025-02-19 09:14:48.712 [error] Error: The request (id: 940, method: 'textDocument/documentSymbol') has been cancelled
	at /home/jacko/SpottedNDotted/vscodium/.vscode-oss/extensions/redhat.java-1.39.0-linux-x64/dist/extension.js:2:1066478
	at re (/home/jacko/SpottedNDotted/vscodium/.vscode-oss/extensions/redhat.java-1.39.0-linux-x64/dist/extension.js:2:1066772)
	at /home/jacko/SpottedNDotted/vscodium/.vscode-oss/extensions/redhat.java-1.39.0-linux-x64/dist/extension.js:2:1061556
	at Immediate.<anonymous> (/home/jacko/SpottedNDotted/vscodium/.vscode-oss/extensions/redhat.java-1.39.0-linux-x64/dist/extension.js:2:1061576)
	at process.processImmediate (node:internal/timers:483:21)
2025-02-19 09:15:43.314 [error] [redhat.java] provider FAILED
2025-02-19 09:15:43.314 [error] Error: The request (id: 1078, method: 'textDocument/documentSymbol') has been cancelled
	at /home/jacko/SpottedNDotted/vscodium/.vscode-oss/extensions/redhat.java-1.39.0-linux-x64/dist/extension.js:2:1066478
	at re (/home/jacko/SpottedNDotted/vscodium/.vscode-oss/extensions/redhat.java-1.39.0-linux-x64/dist/extension.js:2:1066772)
	at /home/jacko/SpottedNDotted/vscodium/.vscode-oss/extensions/redhat.java-1.39.0-linux-x64/dist/extension.js:2:1061556
	at Immediate.<anonymous> (/home/jacko/SpottedNDotted/vscodium/.vscode-oss/extensions/redhat.java-1.39.0-linux-x64/dist/extension.js:2:1061576)
	at process.processImmediate (node:internal/timers:483:21)
2025-02-19 09:19:31.169 [error] [redhat.java] provider FAILED
2025-02-19 09:19:31.169 [error] TypeError: Cannot read properties of null (reading 'documentation')
	at /home/jacko/SpottedNDotted/vscodium/.vscode-oss/extensions/redhat.java-1.39.0-linux-x64/dist/extension.js:2:880717
	at Generator.next (<anonymous>)
	at s (/home/jacko/SpottedNDotted/vscodium/.vscode-oss/extensions/redhat.java-1.39.0-linux-x64/dist/extension.js:2:866095)
	at runNextTicks (node:internal/process/task_queues:60:5)
	at process.processImmediate (node:internal/timers:454:9)
2025-02-19 09:19:31.172 [error] [redhat.java] provider FAILED
2025-02-19 09:19:31.172 [error] Error: The request (id: 1504, method: 'textDocument/documentSymbol') has been cancelled
	at /home/jacko/SpottedNDotted/vscodium/.vscode-oss/extensions/redhat.java-1.39.0-linux-x64/dist/extension.js:2:1066478
	at re (/home/jacko/SpottedNDotted/vscodium/.vscode-oss/extensions/redhat.java-1.39.0-linux-x64/dist/extension.js:2:1066772)
	at /home/jacko/SpottedNDotted/vscodium/.vscode-oss/extensions/redhat.java-1.39.0-linux-x64/dist/extension.js:2:1061556
	at Immediate.<anonymous> (/home/jacko/SpottedNDotted/vscodium/.vscode-oss/extensions/redhat.java-1.39.0-linux-x64/dist/extension.js:2:1061576)
	at process.processImmediate (node:internal/timers:483:21)
2025-02-19 09:19:31.383 [error] [redhat.java] provider FAILED
2025-02-19 09:19:31.383 [error] TypeError: Cannot read properties of null (reading 'documentation')
	at /home/jacko/SpottedNDotted/vscodium/.vscode-oss/extensions/redhat.java-1.39.0-linux-x64/dist/extension.js:2:880717
	at Generator.next (<anonymous>)
	at s (/home/jacko/SpottedNDotted/vscodium/.vscode-oss/extensions/redhat.java-1.39.0-linux-x64/dist/extension.js:2:866095)
2025-02-19 09:19:39.538 [error] [redhat.java] provider FAILED
2025-02-19 09:19:39.538 [error] TypeError: Cannot read properties of null (reading 'documentation')
	at /home/jacko/SpottedNDotted/vscodium/.vscode-oss/extensions/redhat.java-1.39.0-linux-x64/dist/extension.js:2:880717
	at Generator.next (<anonymous>)
	at s (/home/jacko/SpottedNDotted/vscodium/.vscode-oss/extensions/redhat.java-1.39.0-linux-x64/dist/extension.js:2:866095)
2025-02-19 09:19:40.000 [error] [redhat.java] provider FAILED
2025-02-19 09:19:40.000 [error] TypeError: Cannot read properties of null (reading 'documentation')
	at /home/jacko/SpottedNDotted/vscodium/.vscode-oss/extensions/redhat.java-1.39.0-linux-x64/dist/extension.js:2:880717
	at Generator.next (<anonymous>)
	at s (/home/jacko/SpottedNDotted/vscodium/.vscode-oss/extensions/redhat.java-1.39.0-linux-x64/dist/extension.js:2:866095)
2025-02-19 09:19:40.438 [error] [redhat.java] provider FAILED
2025-02-19 09:19:40.438 [error] TypeError: Cannot read properties of null (reading 'documentation')
	at /home/jacko/SpottedNDotted/vscodium/.vscode-oss/extensions/redhat.java-1.39.0-linux-x64/dist/extension.js:2:880717
	at Generator.next (<anonymous>)
	at s (/home/jacko/SpottedNDotted/vscodium/.vscode-oss/extensions/redhat.java-1.39.0-linux-x64/dist/extension.js:2:866095)
2025-02-19 09:22:00.192 [error] [redhat.java] provider FAILED
2025-02-19 09:22:00.193 [error] Error: The request (id: 1753, method: 'textDocument/documentSymbol') has been cancelled
	at /home/jacko/SpottedNDotted/vscodium/.vscode-oss/extensions/redhat.java-1.39.0-linux-x64/dist/extension.js:2:1066478
	at re (/home/jacko/SpottedNDotted/vscodium/.vscode-oss/extensions/redhat.java-1.39.0-linux-x64/dist/extension.js:2:1066772)
	at /home/jacko/SpottedNDotted/vscodium/.vscode-oss/extensions/redhat.java-1.39.0-linux-x64/dist/extension.js:2:1061556
	at Immediate.<anonymous> (/home/jacko/SpottedNDotted/vscodium/.vscode-oss/extensions/redhat.java-1.39.0-linux-x64/dist/extension.js:2:1061576)
	at process.processImmediate (node:internal/timers:483:21)
2025-02-19 09:22:01.221 [error] [redhat.java] provider FAILED
2025-02-19 09:22:01.221 [error] Error: The request (id: 1768, method: 'textDocument/documentSymbol') has been cancelled
	at /home/jacko/SpottedNDotted/vscodium/.vscode-oss/extensions/redhat.java-1.39.0-linux-x64/dist/extension.js:2:1066478
	at re (/home/jacko/SpottedNDotted/vscodium/.vscode-oss/extensions/redhat.java-1.39.0-linux-x64/dist/extension.js:2:1066772)
	at /home/jacko/SpottedNDotted/vscodium/.vscode-oss/extensions/redhat.java-1.39.0-linux-x64/dist/extension.js:2:1061556
	at Immediate.<anonymous> (/home/jacko/SpottedNDotted/vscodium/.vscode-oss/extensions/redhat.java-1.39.0-linux-x64/dist/extension.js:2:1061576)
	at process.processImmediate (node:internal/timers:483:21)
2025-02-19 09:22:39.687 [error] [redhat.java] provider FAILED
2025-02-19 09:22:39.687 [error] Error: The request (id: 1950, method: 'textDocument/documentSymbol') has been cancelled
	at /home/jacko/SpottedNDotted/vscodium/.vscode-oss/extensions/redhat.java-1.39.0-linux-x64/dist/extension.js:2:1066478
	at re (/home/jacko/SpottedNDotted/vscodium/.vscode-oss/extensions/redhat.java-1.39.0-linux-x64/dist/extension.js:2:1066772)
	at /home/jacko/SpottedNDotted/vscodium/.vscode-oss/extensions/redhat.java-1.39.0-linux-x64/dist/extension.js:2:1061556
	at Immediate.<anonymous> (/home/jacko/SpottedNDotted/vscodium/.vscode-oss/extensions/redhat.java-1.39.0-linux-x64/dist/extension.js:2:1061576)
	at process.processImmediate (node:internal/timers:483:21)
2025-02-19 09:22:43.088 [error] [redhat.java] provider FAILED
2025-02-19 09:22:43.088 [error] Error: The request (id: 1993, method: 'textDocument/documentSymbol') has been cancelled
	at /home/jacko/SpottedNDotted/vscodium/.vscode-oss/extensions/redhat.java-1.39.0-linux-x64/dist/extension.js:2:1066478
	at re (/home/jacko/SpottedNDotted/vscodium/.vscode-oss/extensions/redhat.java-1.39.0-linux-x64/dist/extension.js:2:1066772)
	at /home/jacko/SpottedNDotted/vscodium/.vscode-oss/extensions/redhat.java-1.39.0-linux-x64/dist/extension.js:2:1061556
	at Immediate.<anonymous> (/home/jacko/SpottedNDotted/vscodium/.vscode-oss/extensions/redhat.java-1.39.0-linux-x64/dist/extension.js:2:1061576)
	at process.processImmediate (node:internal/timers:483:21)
2025-02-19 09:22:54.187 [error] [redhat.java] provider FAILED
2025-02-19 09:22:54.187 [error] Error: The request (id: 2031, method: 'textDocument/documentSymbol') has been cancelled
	at /home/jacko/SpottedNDotted/vscodium/.vscode-oss/extensions/redhat.java-1.39.0-linux-x64/dist/extension.js:2:1066478
	at re (/home/jacko/SpottedNDotted/vscodium/.vscode-oss/extensions/redhat.java-1.39.0-linux-x64/dist/extension.js:2:1066772)
	at /home/jacko/SpottedNDotted/vscodium/.vscode-oss/extensions/redhat.java-1.39.0-linux-x64/dist/extension.js:2:1061556
	at Immediate.<anonymous> (/home/jacko/SpottedNDotted/vscodium/.vscode-oss/extensions/redhat.java-1.39.0-linux-x64/dist/extension.js:2:1061576)
	at process.processImmediate (node:internal/timers:483:21)
2025-02-19 09:26:59.798 [error] [redhat.java] provider FAILED
2025-02-19 09:26:59.798 [error] Error: The request (id: 2461, method: 'textDocument/documentSymbol') has been cancelled
	at /home/jacko/SpottedNDotted/vscodium/.vscode-oss/extensions/redhat.java-1.39.0-linux-x64/dist/extension.js:2:1066478
	at re (/home/jacko/SpottedNDotted/vscodium/.vscode-oss/extensions/redhat.java-1.39.0-linux-x64/dist/extension.js:2:1066772)
	at /home/jacko/SpottedNDotted/vscodium/.vscode-oss/extensions/redhat.java-1.39.0-linux-x64/dist/extension.js:2:1061556
	at Immediate.<anonymous> (/home/jacko/SpottedNDotted/vscodium/.vscode-oss/extensions/redhat.java-1.39.0-linux-x64/dist/extension.js:2:1061576)
	at process.processImmediate (node:internal/timers:483:21)
2025-02-19 09:28:23.915 [error] [redhat.java] provider FAILED
2025-02-19 09:28:23.915 [error] Error: The request (id: 2896, method: 'textDocument/documentSymbol') has been cancelled
	at /home/jacko/SpottedNDotted/vscodium/.vscode-oss/extensions/redhat.java-1.39.0-linux-x64/dist/extension.js:2:1066478
	at re (/home/jacko/SpottedNDotted/vscodium/.vscode-oss/extensions/redhat.java-1.39.0-linux-x64/dist/extension.js:2:1066772)
	at /home/jacko/SpottedNDotted/vscodium/.vscode-oss/extensions/redhat.java-1.39.0-linux-x64/dist/extension.js:2:1061556
	at Immediate.<anonymous> (/home/jacko/SpottedNDotted/vscodium/.vscode-oss/extensions/redhat.java-1.39.0-linux-x64/dist/extension.js:2:1061576)
	at process.processImmediate (node:internal/timers:483:21)
2025-02-19 09:29:26.888 [error] [redhat.java] provider FAILED
2025-02-19 09:29:26.888 [error] TypeError: Cannot read properties of null (reading 'documentation')
	at /home/jacko/SpottedNDotted/vscodium/.vscode-oss/extensions/redhat.java-1.39.0-linux-x64/dist/extension.js:2:880717
	at Generator.next (<anonymous>)
	at s (/home/jacko/SpottedNDotted/vscodium/.vscode-oss/extensions/redhat.java-1.39.0-linux-x64/dist/extension.js:2:866095)
	at runNextTicks (node:internal/process/task_queues:60:5)
	at process.processImmediate (node:internal/timers:454:9)
2025-02-19 09:29:26.889 [error] [redhat.java] provider FAILED
2025-02-19 09:29:26.889 [error] Error: The request (id: 3034, method: 'textDocument/documentSymbol') has been cancelled
	at /home/jacko/SpottedNDotted/vscodium/.vscode-oss/extensions/redhat.java-1.39.0-linux-x64/dist/extension.js:2:1066478
	at re (/home/jacko/SpottedNDotted/vscodium/.vscode-oss/extensions/redhat.java-1.39.0-linux-x64/dist/extension.js:2:1066772)
	at /home/jacko/SpottedNDotted/vscodium/.vscode-oss/extensions/redhat.java-1.39.0-linux-x64/dist/extension.js:2:1061556
	at Immediate.<anonymous> (/home/jacko/SpottedNDotted/vscodium/.vscode-oss/extensions/redhat.java-1.39.0-linux-x64/dist/extension.js:2:1061576)
	at process.processImmediate (node:internal/timers:483:21)
2025-02-19 09:29:27.287 [error] [redhat.java] provider FAILED
2025-02-19 09:29:27.287 [error] TypeError: Cannot read properties of null (reading 'documentation')
	at /home/jacko/SpottedNDotted/vscodium/.vscode-oss/extensions/redhat.java-1.39.0-linux-x64/dist/extension.js:2:880717
	at Generator.next (<anonymous>)
	at s (/home/jacko/SpottedNDotted/vscodium/.vscode-oss/extensions/redhat.java-1.39.0-linux-x64/dist/extension.js:2:866095)
2025-02-19 09:29:27.289 [error] [redhat.java] provider FAILED
2025-02-19 09:29:27.290 [error] Error: The request (id: 3040, method: 'textDocument/documentSymbol') has been cancelled
	at /home/jacko/SpottedNDotted/vscodium/.vscode-oss/extensions/redhat.java-1.39.0-linux-x64/dist/extension.js:2:1066478
	at re (/home/jacko/SpottedNDotted/vscodium/.vscode-oss/extensions/redhat.java-1.39.0-linux-x64/dist/extension.js:2:1066772)
	at /home/jacko/SpottedNDotted/vscodium/.vscode-oss/extensions/redhat.java-1.39.0-linux-x64/dist/extension.js:2:1061556
	at Immediate.<anonymous> (/home/jacko/SpottedNDotted/vscodium/.vscode-oss/extensions/redhat.java-1.39.0-linux-x64/dist/extension.js:2:1061576)
	at process.processImmediate (node:internal/timers:483:21)
2025-02-19 09:29:27.691 [error] [redhat.java] provider FAILED
2025-02-19 09:29:27.691 [error] TypeError: Cannot read properties of null (reading 'documentation')
	at /home/jacko/SpottedNDotted/vscodium/.vscode-oss/extensions/redhat.java-1.39.0-linux-x64/dist/extension.js:2:880717
	at Generator.next (<anonymous>)
	at s (/home/jacko/SpottedNDotted/vscodium/.vscode-oss/extensions/redhat.java-1.39.0-linux-x64/dist/extension.js:2:866095)
2025-02-19 09:29:27.988 [error] [redhat.java] provider FAILED
2025-02-19 09:29:27.988 [error] Error: The request (id: 3058, method: 'textDocument/documentSymbol') has been cancelled
	at /home/jacko/SpottedNDotted/vscodium/.vscode-oss/extensions/redhat.java-1.39.0-linux-x64/dist/extension.js:2:1066478
	at re (/home/jacko/SpottedNDotted/vscodium/.vscode-oss/extensions/redhat.java-1.39.0-linux-x64/dist/extension.js:2:1066772)
	at /home/jacko/SpottedNDotted/vscodium/.vscode-oss/extensions/redhat.java-1.39.0-linux-x64/dist/extension.js:2:1061556
	at Immediate.<anonymous> (/home/jacko/SpottedNDotted/vscodium/.vscode-oss/extensions/redhat.java-1.39.0-linux-x64/dist/extension.js:2:1061576)
	at process.processImmediate (node:internal/timers:483:21)
2025-02-19 09:33:50.765 [error] [redhat.java] provider FAILED
2025-02-19 09:33:50.765 [error] Error: selectionRange must be contained in fullRange
	at Zd.validate (file:///opt/vscodium-bin/resources/app/out/vs/workbench/api/node/extensionHostProcess.js:106:35889)
	at new Zd (file:///opt/vscodium-bin/resources/app/out/vs/workbench/api/node/extensionHostProcess.js:106:36097)
	at G (/home/jacko/SpottedNDotted/vscodium/.vscode-oss/extensions/redhat.java-1.39.0-linux-x64/dist/extension.js:2:1241091)
	at c (/home/jacko/SpottedNDotted/vscodium/.vscode-oss/extensions/redhat.java-1.39.0-linux-x64/dist/extension.js:2:1279607)
	at t.map (/home/jacko/SpottedNDotted/vscodium/.vscode-oss/extensions/redhat.java-1.39.0-linux-x64/dist/extension.js:2:1279693)
	at Object.asDocumentSymbols (/home/jacko/SpottedNDotted/vscodium/.vscode-oss/extensions/redhat.java-1.39.0-linux-x64/dist/extension.js:2:1249147)
	at /home/jacko/SpottedNDotted/vscodium/.vscode-oss/extensions/redhat.java-1.39.0-linux-x64/dist/extension.js:2:943219
	at Generator.next (<anonymous>)
	at s (/home/jacko/SpottedNDotted/vscodium/.vscode-oss/extensions/redhat.java-1.39.0-linux-x64/dist/extension.js:2:942275)
2025-02-19 09:33:50.814 [error] [redhat.java] provider FAILED
2025-02-19 09:33:50.814 [error] Error: The request (id: 3473, method: 'textDocument/documentSymbol') has been cancelled
	at /home/jacko/SpottedNDotted/vscodium/.vscode-oss/extensions/redhat.java-1.39.0-linux-x64/dist/extension.js:2:1066478
	at re (/home/jacko/SpottedNDotted/vscodium/.vscode-oss/extensions/redhat.java-1.39.0-linux-x64/dist/extension.js:2:1066772)
	at /home/jacko/SpottedNDotted/vscodium/.vscode-oss/extensions/redhat.java-1.39.0-linux-x64/dist/extension.js:2:1061556
	at Immediate.<anonymous> (/home/jacko/SpottedNDotted/vscodium/.vscode-oss/extensions/redhat.java-1.39.0-linux-x64/dist/extension.js:2:1061576)
	at process.processImmediate (node:internal/timers:483:21)
2025-02-19 09:33:51.939 [error] [redhat.java] provider FAILED
2025-02-19 09:33:51.939 [error] Error: The request (id: 3493, method: 'textDocument/documentSymbol') has been cancelled
	at /home/jacko/SpottedNDotted/vscodium/.vscode-oss/extensions/redhat.java-1.39.0-linux-x64/dist/extension.js:2:1066478
	at re (/home/jacko/SpottedNDotted/vscodium/.vscode-oss/extensions/redhat.java-1.39.0-linux-x64/dist/extension.js:2:1066772)
	at /home/jacko/SpottedNDotted/vscodium/.vscode-oss/extensions/redhat.java-1.39.0-linux-x64/dist/extension.js:2:1061556
	at Immediate.<anonymous> (/home/jacko/SpottedNDotted/vscodium/.vscode-oss/extensions/redhat.java-1.39.0-linux-x64/dist/extension.js:2:1061576)
	at process.processImmediate (node:internal/timers:483:21)
2025-02-19 09:34:23.086 [error] [redhat.java] provider FAILED
2025-02-19 09:34:23.086 [error] TypeError: Cannot read properties of null (reading 'documentation')
	at /home/jacko/SpottedNDotted/vscodium/.vscode-oss/extensions/redhat.java-1.39.0-linux-x64/dist/extension.js:2:880717
	at Generator.next (<anonymous>)
	at s (/home/jacko/SpottedNDotted/vscodium/.vscode-oss/extensions/redhat.java-1.39.0-linux-x64/dist/extension.js:2:866095)
	at runNextTicks (node:internal/process/task_queues:60:5)
	at process.processImmediate (node:internal/timers:454:9)
2025-02-19 09:34:23.589 [error] [redhat.java] provider FAILED
2025-02-19 09:34:23.589 [error] TypeError: Cannot read properties of null (reading 'documentation')
	at /home/jacko/SpottedNDotted/vscodium/.vscode-oss/extensions/redhat.java-1.39.0-linux-x64/dist/extension.js:2:880717
	at Generator.next (<anonymous>)
	at s (/home/jacko/SpottedNDotted/vscodium/.vscode-oss/extensions/redhat.java-1.39.0-linux-x64/dist/extension.js:2:866095)
2025-02-19 09:34:24.213 [error] [redhat.java] provider FAILED
2025-02-19 09:34:24.213 [error] Error: The request (id: 3604, method: 'textDocument/documentSymbol') has been cancelled
	at /home/jacko/SpottedNDotted/vscodium/.vscode-oss/extensions/redhat.java-1.39.0-linux-x64/dist/extension.js:2:1066478
	at re (/home/jacko/SpottedNDotted/vscodium/.vscode-oss/extensions/redhat.java-1.39.0-linux-x64/dist/extension.js:2:1066772)
	at /home/jacko/SpottedNDotted/vscodium/.vscode-oss/extensions/redhat.java-1.39.0-linux-x64/dist/extension.js:2:1061556
	at Immediate.<anonymous> (/home/jacko/SpottedNDotted/vscodium/.vscode-oss/extensions/redhat.java-1.39.0-linux-x64/dist/extension.js:2:1061576)
	at process.processImmediate (node:internal/timers:483:21)
2025-02-19 09:34:24.218 [error] Error: Cannot get completion responses.
	at /home/jacko/SpottedNDotted/vscodium/.vscode-oss/extensions/redhat.java-1.39.0-linux-x64/dist/extension.js:2:1066478
	at re (/home/jacko/SpottedNDotted/vscodium/.vscode-oss/extensions/redhat.java-1.39.0-linux-x64/dist/extension.js:2:1066772)
	at /home/jacko/SpottedNDotted/vscodium/.vscode-oss/extensions/redhat.java-1.39.0-linux-x64/dist/extension.js:2:1061556
	at Immediate.<anonymous> (/home/jacko/SpottedNDotted/vscodium/.vscode-oss/extensions/redhat.java-1.39.0-linux-x64/dist/extension.js:2:1061576)
	at process.processImmediate (node:internal/timers:483:21) java.completion.onDidSelect {"value":"redhat.java","_lower":"redhat.java"}
2025-02-19 09:34:24.219 [error] Error: Cannot get completion responses.
	at /home/jacko/SpottedNDotted/vscodium/.vscode-oss/extensions/redhat.java-1.39.0-linux-x64/dist/extension.js:2:1066478
	at re (/home/jacko/SpottedNDotted/vscodium/.vscode-oss/extensions/redhat.java-1.39.0-linux-x64/dist/extension.js:2:1066772)
	at /home/jacko/SpottedNDotted/vscodium/.vscode-oss/extensions/redhat.java-1.39.0-linux-x64/dist/extension.js:2:1061556
	at Immediate.<anonymous> (/home/jacko/SpottedNDotted/vscodium/.vscode-oss/extensions/redhat.java-1.39.0-linux-x64/dist/extension.js:2:1061576)
	at process.processImmediate (node:internal/timers:483:21) java.completion.onDidSelect undefined
2025-02-19 09:34:24.389 [error] [redhat.java] provider FAILED
2025-02-19 09:34:24.389 [error] Error: The request (id: 3614, method: 'textDocument/documentSymbol') has been cancelled
	at /home/jacko/SpottedNDotted/vscodium/.vscode-oss/extensions/redhat.java-1.39.0-linux-x64/dist/extension.js:2:1066478
	at re (/home/jacko/SpottedNDotted/vscodium/.vscode-oss/extensions/redhat.java-1.39.0-linux-x64/dist/extension.js:2:1066772)
	at /home/jacko/SpottedNDotted/vscodium/.vscode-oss/extensions/redhat.java-1.39.0-linux-x64/dist/extension.js:2:1061556
	at Immediate.<anonymous> (/home/jacko/SpottedNDotted/vscodium/.vscode-oss/extensions/redhat.java-1.39.0-linux-x64/dist/extension.js:2:1061576)
	at process.processImmediate (node:internal/timers:483:21)
2025-02-19 09:35:00.134 [error] [redhat.java] provider FAILED
2025-02-19 09:35:00.135 [error] Error: The request (id: 3793, method: 'textDocument/documentSymbol') has been cancelled
	at /home/jacko/SpottedNDotted/vscodium/.vscode-oss/extensions/redhat.java-1.39.0-linux-x64/dist/extension.js:2:1066478
	at re (/home/jacko/SpottedNDotted/vscodium/.vscode-oss/extensions/redhat.java-1.39.0-linux-x64/dist/extension.js:2:1066772)
	at /home/jacko/SpottedNDotted/vscodium/.vscode-oss/extensions/redhat.java-1.39.0-linux-x64/dist/extension.js:2:1061556
	at Immediate.<anonymous> (/home/jacko/SpottedNDotted/vscodium/.vscode-oss/extensions/redhat.java-1.39.0-linux-x64/dist/extension.js:2:1061576)
	at process.processImmediate (node:internal/timers:483:21)
2025-02-19 09:39:40.269 [error] [redhat.java] provider FAILED
2025-02-19 09:39:40.269 [error] Error: The request (id: 4310, method: 'textDocument/documentSymbol') has been cancelled
	at /home/jacko/SpottedNDotted/vscodium/.vscode-oss/extensions/redhat.java-1.39.0-linux-x64/dist/extension.js:2:1066478
	at re (/home/jacko/SpottedNDotted/vscodium/.vscode-oss/extensions/redhat.java-1.39.0-linux-x64/dist/extension.js:2:1066772)
	at /home/jacko/SpottedNDotted/vscodium/.vscode-oss/extensions/redhat.java-1.39.0-linux-x64/dist/extension.js:2:1061556
	at Immediate.<anonymous> (/home/jacko/SpottedNDotted/vscodium/.vscode-oss/extensions/redhat.java-1.39.0-linux-x64/dist/extension.js:2:1061576)
	at process.processImmediate (node:internal/timers:483:21)
2025-02-19 09:40:25.819 [error] [redhat.java] provider FAILED
2025-02-19 09:40:25.819 [error] Error: The request (id: 4456, method: 'textDocument/documentSymbol') has been cancelled
	at /home/jacko/SpottedNDotted/vscodium/.vscode-oss/extensions/redhat.java-1.39.0-linux-x64/dist/extension.js:2:1066478
	at re (/home/jacko/SpottedNDotted/vscodium/.vscode-oss/extensions/redhat.java-1.39.0-linux-x64/dist/extension.js:2:1066772)
	at /home/jacko/SpottedNDotted/vscodium/.vscode-oss/extensions/redhat.java-1.39.0-linux-x64/dist/extension.js:2:1061556
	at Immediate.<anonymous> (/home/jacko/SpottedNDotted/vscodium/.vscode-oss/extensions/redhat.java-1.39.0-linux-x64/dist/extension.js:2:1061576)
	at process.processImmediate (node:internal/timers:483:21)
2025-02-19 09:42:42.625 [error] [redhat.java] provider FAILED
2025-02-19 09:42:42.625 [error] TypeError: Cannot read properties of null (reading 'documentation')
	at /home/jacko/SpottedNDotted/vscodium/.vscode-oss/extensions/redhat.java-1.39.0-linux-x64/dist/extension.js:2:880717
	at Generator.next (<anonymous>)
	at s (/home/jacko/SpottedNDotted/vscodium/.vscode-oss/extensions/redhat.java-1.39.0-linux-x64/dist/extension.js:2:866095)
2025-02-19 09:44:36.990 [error] [redhat.java] provider FAILED
2025-02-19 09:44:36.990 [error] Error: The request (id: 4715, method: 'textDocument/documentSymbol') has been cancelled
	at /home/jacko/SpottedNDotted/vscodium/.vscode-oss/extensions/redhat.java-1.39.0-linux-x64/dist/extension.js:2:1066478
	at re (/home/jacko/SpottedNDotted/vscodium/.vscode-oss/extensions/redhat.java-1.39.0-linux-x64/dist/extension.js:2:1066772)
	at /home/jacko/SpottedNDotted/vscodium/.vscode-oss/extensions/redhat.java-1.39.0-linux-x64/dist/extension.js:2:1061556
	at Immediate.<anonymous> (/home/jacko/SpottedNDotted/vscodium/.vscode-oss/extensions/redhat.java-1.39.0-linux-x64/dist/extension.js:2:1061576)
	at process.processImmediate (node:internal/timers:483:21)
2025-02-19 09:45:13.154 [error] [redhat.java] provider FAILED
2025-02-19 09:45:13.154 [error] Error: The request (id: 4798, method: 'textDocument/documentSymbol') has been cancelled
	at /home/jacko/SpottedNDotted/vscodium/.vscode-oss/extensions/redhat.java-1.39.0-linux-x64/dist/extension.js:2:1066478
	at re (/home/jacko/SpottedNDotted/vscodium/.vscode-oss/extensions/redhat.java-1.39.0-linux-x64/dist/extension.js:2:1066772)
	at /home/jacko/SpottedNDotted/vscodium/.vscode-oss/extensions/redhat.java-1.39.0-linux-x64/dist/extension.js:2:1061556
	at Immediate.<anonymous> (/home/jacko/SpottedNDotted/vscodium/.vscode-oss/extensions/redhat.java-1.39.0-linux-x64/dist/extension.js:2:1061576)
	at process.processImmediate (node:internal/timers:483:21)
2025-02-19 09:45:21.587 [error] [redhat.java] provider FAILED
2025-02-19 09:45:21.587 [error] Error: The request (id: 4827, method: 'textDocument/documentSymbol') has been cancelled
	at /home/jacko/SpottedNDotted/vscodium/.vscode-oss/extensions/redhat.java-1.39.0-linux-x64/dist/extension.js:2:1066478
	at re (/home/jacko/SpottedNDotted/vscodium/.vscode-oss/extensions/redhat.java-1.39.0-linux-x64/dist/extension.js:2:1066772)
	at /home/jacko/SpottedNDotted/vscodium/.vscode-oss/extensions/redhat.java-1.39.0-linux-x64/dist/extension.js:2:1061556
	at Immediate.<anonymous> (/home/jacko/SpottedNDotted/vscodium/.vscode-oss/extensions/redhat.java-1.39.0-linux-x64/dist/extension.js:2:1061576)
	at process.processImmediate (node:internal/timers:483:21)
2025-02-19 09:49:52.711 [error] [redhat.java] provider FAILED
2025-02-19 09:49:52.711 [error] Error: The request (id: 5089, method: 'textDocument/documentSymbol') has been cancelled
	at /home/jacko/SpottedNDotted/vscodium/.vscode-oss/extensions/redhat.java-1.39.0-linux-x64/dist/extension.js:2:1066478
	at re (/home/jacko/SpottedNDotted/vscodium/.vscode-oss/extensions/redhat.java-1.39.0-linux-x64/dist/extension.js:2:1066772)
	at /home/jacko/SpottedNDotted/vscodium/.vscode-oss/extensions/redhat.java-1.39.0-linux-x64/dist/extension.js:2:1061556
	at Immediate.<anonymous> (/home/jacko/SpottedNDotted/vscodium/.vscode-oss/extensions/redhat.java-1.39.0-linux-x64/dist/extension.js:2:1061576)
	at process.processImmediate (node:internal/timers:483:21)
2025-02-19 09:57:35.175 [error] [redhat.java] provider FAILED
2025-02-19 09:57:35.175 [error] Error: The request (id: 5264, method: 'textDocument/documentSymbol') has been cancelled
	at /home/jacko/SpottedNDotted/vscodium/.vscode-oss/extensions/redhat.java-1.39.0-linux-x64/dist/extension.js:2:1066478
	at re (/home/jacko/SpottedNDotted/vscodium/.vscode-oss/extensions/redhat.java-1.39.0-linux-x64/dist/extension.js:2:1066772)
	at /home/jacko/SpottedNDotted/vscodium/.vscode-oss/extensions/redhat.java-1.39.0-linux-x64/dist/extension.js:2:1061556
	at Immediate.<anonymous> (/home/jacko/SpottedNDotted/vscodium/.vscode-oss/extensions/redhat.java-1.39.0-linux-x64/dist/extension.js:2:1061576)
	at process.processImmediate (node:internal/timers:483:21)
2025-02-19 09:59:17.529 [error] [redhat.java] provider FAILED
2025-02-19 09:59:17.529 [error] Error: The request (id: 5381, method: 'textDocument/documentSymbol') has been cancelled
	at /home/jacko/SpottedNDotted/vscodium/.vscode-oss/extensions/redhat.java-1.39.0-linux-x64/dist/extension.js:2:1066478
	at re (/home/jacko/SpottedNDotted/vscodium/.vscode-oss/extensions/redhat.java-1.39.0-linux-x64/dist/extension.js:2:1066772)
	at /home/jacko/SpottedNDotted/vscodium/.vscode-oss/extensions/redhat.java-1.39.0-linux-x64/dist/extension.js:2:1061556
	at Immediate.<anonymous> (/home/jacko/SpottedNDotted/vscodium/.vscode-oss/extensions/redhat.java-1.39.0-linux-x64/dist/extension.js:2:1061576)
	at process.processImmediate (node:internal/timers:483:21)
2025-02-19 10:01:34.021 [error] [redhat.java] provider FAILED
2025-02-19 10:01:34.022 [error] Error: The request (id: 5498, method: 'textDocument/documentSymbol') has been cancelled
	at /home/jacko/SpottedNDotted/vscodium/.vscode-oss/extensions/redhat.java-1.39.0-linux-x64/dist/extension.js:2:1066478
	at re (/home/jacko/SpottedNDotted/vscodium/.vscode-oss/extensions/redhat.java-1.39.0-linux-x64/dist/extension.js:2:1066772)
	at /home/jacko/SpottedNDotted/vscodium/.vscode-oss/extensions/redhat.java-1.39.0-linux-x64/dist/extension.js:2:1061556
	at Immediate.<anonymous> (/home/jacko/SpottedNDotted/vscodium/.vscode-oss/extensions/redhat.java-1.39.0-linux-x64/dist/extension.js:2:1061576)
	at process.processImmediate (node:internal/timers:483:21)
2025-02-19 10:01:55.721 [error] [redhat.java] provider FAILED
2025-02-19 10:01:55.721 [error] Error: The request (id: 5658, method: 'textDocument/documentSymbol') has been cancelled
	at /home/jacko/SpottedNDotted/vscodium/.vscode-oss/extensions/redhat.java-1.39.0-linux-x64/dist/extension.js:2:1066478
	at re (/home/jacko/SpottedNDotted/vscodium/.vscode-oss/extensions/redhat.java-1.39.0-linux-x64/dist/extension.js:2:1066772)
	at /home/jacko/SpottedNDotted/vscodium/.vscode-oss/extensions/redhat.java-1.39.0-linux-x64/dist/extension.js:2:1061556
	at Immediate.<anonymous> (/home/jacko/SpottedNDotted/vscodium/.vscode-oss/extensions/redhat.java-1.39.0-linux-x64/dist/extension.js:2:1061576)
	at process.processImmediate (node:internal/timers:483:21)
2025-02-19 10:02:21.177 [error] [redhat.java] provider FAILED
2025-02-19 10:02:21.177 [error] Error: The request (id: 5719, method: 'textDocument/documentSymbol') has been cancelled
	at /home/jacko/SpottedNDotted/vscodium/.vscode-oss/extensions/redhat.java-1.39.0-linux-x64/dist/extension.js:2:1066478
	at re (/home/jacko/SpottedNDotted/vscodium/.vscode-oss/extensions/redhat.java-1.39.0-linux-x64/dist/extension.js:2:1066772)
	at /home/jacko/SpottedNDotted/vscodium/.vscode-oss/extensions/redhat.java-1.39.0-linux-x64/dist/extension.js:2:1061556
	at Immediate.<anonymous> (/home/jacko/SpottedNDotted/vscodium/.vscode-oss/extensions/redhat.java-1.39.0-linux-x64/dist/extension.js:2:1061576)
	at process.processImmediate (node:internal/timers:483:21)
2025-02-19 10:02:41.789 [error] [redhat.java] provider FAILED
2025-02-19 10:02:41.790 [error] Error: The request (id: 5802, method: 'textDocument/documentSymbol') has been cancelled
	at /home/jacko/SpottedNDotted/vscodium/.vscode-oss/extensions/redhat.java-1.39.0-linux-x64/dist/extension.js:2:1066478
	at re (/home/jacko/SpottedNDotted/vscodium/.vscode-oss/extensions/redhat.java-1.39.0-linux-x64/dist/extension.js:2:1066772)
	at /home/jacko/SpottedNDotted/vscodium/.vscode-oss/extensions/redhat.java-1.39.0-linux-x64/dist/extension.js:2:1061556
	at Immediate.<anonymous> (/home/jacko/SpottedNDotted/vscodium/.vscode-oss/extensions/redhat.java-1.39.0-linux-x64/dist/extension.js:2:1061576)
	at process.processImmediate (node:internal/timers:483:21)
2025-02-19 10:02:42.804 [error] [redhat.java] provider FAILED
2025-02-19 10:02:42.804 [error] Error: Internal error.
	at /home/jacko/SpottedNDotted/vscodium/.vscode-oss/extensions/redhat.java-1.39.0-linux-x64/dist/extension.js:2:1066478
	at re (/home/jacko/SpottedNDotted/vscodium/.vscode-oss/extensions/redhat.java-1.39.0-linux-x64/dist/extension.js:2:1066772)
	at /home/jacko/SpottedNDotted/vscodium/.vscode-oss/extensions/redhat.java-1.39.0-linux-x64/dist/extension.js:2:1061556
	at Immediate.<anonymous> (/home/jacko/SpottedNDotted/vscodium/.vscode-oss/extensions/redhat.java-1.39.0-linux-x64/dist/extension.js:2:1061576)
	at process.processImmediate (node:internal/timers:483:21)
2025-02-19 10:06:03.085 [error] [redhat.java] provider FAILED
2025-02-19 10:06:03.086 [error] Error: The request (id: 6468, method: 'textDocument/documentSymbol') has been cancelled
	at /home/jacko/SpottedNDotted/vscodium/.vscode-oss/extensions/redhat.java-1.39.0-linux-x64/dist/extension.js:2:1066478
	at re (/home/jacko/SpottedNDotted/vscodium/.vscode-oss/extensions/redhat.java-1.39.0-linux-x64/dist/extension.js:2:1066772)
	at /home/jacko/SpottedNDotted/vscodium/.vscode-oss/extensions/redhat.java-1.39.0-linux-x64/dist/extension.js:2:1061556
	at Immediate.<anonymous> (/home/jacko/SpottedNDotted/vscodium/.vscode-oss/extensions/redhat.java-1.39.0-linux-x64/dist/extension.js:2:1061576)
	at process.processImmediate (node:internal/timers:483:21)
2025-02-19 10:07:55.270 [error] [redhat.java] provider FAILED
2025-02-19 10:07:55.270 [error] Error: The request (id: 6519, method: 'textDocument/documentSymbol') has been cancelled
	at /home/jacko/SpottedNDotted/vscodium/.vscode-oss/extensions/redhat.java-1.39.0-linux-x64/dist/extension.js:2:1066478
	at re (/home/jacko/SpottedNDotted/vscodium/.vscode-oss/extensions/redhat.java-1.39.0-linux-x64/dist/extension.js:2:1066772)
	at /home/jacko/SpottedNDotted/vscodium/.vscode-oss/extensions/redhat.java-1.39.0-linux-x64/dist/extension.js:2:1061556
	at Immediate.<anonymous> (/home/jacko/SpottedNDotted/vscodium/.vscode-oss/extensions/redhat.java-1.39.0-linux-x64/dist/extension.js:2:1061576)
	at process.processImmediate (node:internal/timers:483:21)
2025-02-19 10:08:24.051 [error] [redhat.java] provider FAILED
2025-02-19 10:08:24.051 [error] Error: The request (id: 6593, method: 'textDocument/documentSymbol') has been cancelled
	at /home/jacko/SpottedNDotted/vscodium/.vscode-oss/extensions/redhat.java-1.39.0-linux-x64/dist/extension.js:2:1066478
	at re (/home/jacko/SpottedNDotted/vscodium/.vscode-oss/extensions/redhat.java-1.39.0-linux-x64/dist/extension.js:2:1066772)
	at /home/jacko/SpottedNDotted/vscodium/.vscode-oss/extensions/redhat.java-1.39.0-linux-x64/dist/extension.js:2:1061556
	at Immediate.<anonymous> (/home/jacko/SpottedNDotted/vscodium/.vscode-oss/extensions/redhat.java-1.39.0-linux-x64/dist/extension.js:2:1061576)
	at process.processImmediate (node:internal/timers:483:21)
2025-02-19 10:08:24.628 [error] [redhat.java] provider FAILED
2025-02-19 10:08:24.628 [error] Error: The request (id: 6603, method: 'textDocument/documentSymbol') has been cancelled
	at /home/jacko/SpottedNDotted/vscodium/.vscode-oss/extensions/redhat.java-1.39.0-linux-x64/dist/extension.js:2:1066478
	at re (/home/jacko/SpottedNDotted/vscodium/.vscode-oss/extensions/redhat.java-1.39.0-linux-x64/dist/extension.js:2:1066772)
	at /home/jacko/SpottedNDotted/vscodium/.vscode-oss/extensions/redhat.java-1.39.0-linux-x64/dist/extension.js:2:1061556
	at Immediate.<anonymous> (/home/jacko/SpottedNDotted/vscodium/.vscode-oss/extensions/redhat.java-1.39.0-linux-x64/dist/extension.js:2:1061576)
	at process.processImmediate (node:internal/timers:483:21)
2025-02-19 10:09:12.188 [error] [redhat.java] provider FAILED
2025-02-19 10:09:12.188 [error] Error: Internal error.
	at /home/jacko/SpottedNDotted/vscodium/.vscode-oss/extensions/redhat.java-1.39.0-linux-x64/dist/extension.js:2:1066478
	at re (/home/jacko/SpottedNDotted/vscodium/.vscode-oss/extensions/redhat.java-1.39.0-linux-x64/dist/extension.js:2:1066772)
	at /home/jacko/SpottedNDotted/vscodium/.vscode-oss/extensions/redhat.java-1.39.0-linux-x64/dist/extension.js:2:1061556
	at Immediate.<anonymous> (/home/jacko/SpottedNDotted/vscodium/.vscode-oss/extensions/redhat.java-1.39.0-linux-x64/dist/extension.js:2:1061576)
	at process.processImmediate (node:internal/timers:483:21)
2025-02-19 10:09:27.117 [error] [redhat.java] provider FAILED
2025-02-19 10:09:27.117 [error] Error: Internal error.
	at /home/jacko/SpottedNDotted/vscodium/.vscode-oss/extensions/redhat.java-1.39.0-linux-x64/dist/extension.js:2:1066478
	at re (/home/jacko/SpottedNDotted/vscodium/.vscode-oss/extensions/redhat.java-1.39.0-linux-x64/dist/extension.js:2:1066772)
	at /home/jacko/SpottedNDotted/vscodium/.vscode-oss/extensions/redhat.java-1.39.0-linux-x64/dist/extension.js:2:1061556
	at Immediate.<anonymous> (/home/jacko/SpottedNDotted/vscodium/.vscode-oss/extensions/redhat.java-1.39.0-linux-x64/dist/extension.js:2:1061576)
	at process.processImmediate (node:internal/timers:483:21)
2025-02-19 10:11:10.814 [error] [redhat.java] provider FAILED
2025-02-19 10:11:10.814 [error] Error: The request (id: 7213, method: 'textDocument/documentSymbol') has been cancelled
	at /home/jacko/SpottedNDotted/vscodium/.vscode-oss/extensions/redhat.java-1.39.0-linux-x64/dist/extension.js:2:1066478
	at re (/home/jacko/SpottedNDotted/vscodium/.vscode-oss/extensions/redhat.java-1.39.0-linux-x64/dist/extension.js:2:1066772)
	at /home/jacko/SpottedNDotted/vscodium/.vscode-oss/extensions/redhat.java-1.39.0-linux-x64/dist/extension.js:2:1061556
	at Immediate.<anonymous> (/home/jacko/SpottedNDotted/vscodium/.vscode-oss/extensions/redhat.java-1.39.0-linux-x64/dist/extension.js:2:1061576)
	at process.processImmediate (node:internal/timers:483:21)
2025-02-19 10:11:24.681 [error] [redhat.java] provider FAILED
2025-02-19 10:11:24.681 [error] Error: The request (id: 7284, method: 'textDocument/documentSymbol') has been cancelled
	at /home/jacko/SpottedNDotted/vscodium/.vscode-oss/extensions/redhat.java-1.39.0-linux-x64/dist/extension.js:2:1066478
	at re (/home/jacko/SpottedNDotted/vscodium/.vscode-oss/extensions/redhat.java-1.39.0-linux-x64/dist/extension.js:2:1066772)
	at /home/jacko/SpottedNDotted/vscodium/.vscode-oss/extensions/redhat.java-1.39.0-linux-x64/dist/extension.js:2:1061556
	at Immediate.<anonymous> (/home/jacko/SpottedNDotted/vscodium/.vscode-oss/extensions/redhat.java-1.39.0-linux-x64/dist/extension.js:2:1061576)
	at process.processImmediate (node:internal/timers:483:21)
2025-02-19 10:13:14.683 [error] [redhat.java] provider FAILED
2025-02-19 10:13:14.683 [error] Error: The request (id: 7416, method: 'textDocument/documentSymbol') has been cancelled
	at /home/jacko/SpottedNDotted/vscodium/.vscode-oss/extensions/redhat.java-1.39.0-linux-x64/dist/extension.js:2:1066478
	at re (/home/jacko/SpottedNDotted/vscodium/.vscode-oss/extensions/redhat.java-1.39.0-linux-x64/dist/extension.js:2:1066772)
	at /home/jacko/SpottedNDotted/vscodium/.vscode-oss/extensions/redhat.java-1.39.0-linux-x64/dist/extension.js:2:1061556
	at Immediate.<anonymous> (/home/jacko/SpottedNDotted/vscodium/.vscode-oss/extensions/redhat.java-1.39.0-linux-x64/dist/extension.js:2:1061576)
	at process.processImmediate (node:internal/timers:483:21)
2025-02-19 10:15:56.979 [error] [redhat.java] provider FAILED
2025-02-19 10:15:56.979 [error] Error: The request (id: 7691, method: 'textDocument/documentSymbol') has been cancelled
	at /home/jacko/SpottedNDotted/vscodium/.vscode-oss/extensions/redhat.java-1.39.0-linux-x64/dist/extension.js:2:1066478
	at re (/home/jacko/SpottedNDotted/vscodium/.vscode-oss/extensions/redhat.java-1.39.0-linux-x64/dist/extension.js:2:1066772)
	at /home/jacko/SpottedNDotted/vscodium/.vscode-oss/extensions/redhat.java-1.39.0-linux-x64/dist/extension.js:2:1061556
	at Immediate.<anonymous> (/home/jacko/SpottedNDotted/vscodium/.vscode-oss/extensions/redhat.java-1.39.0-linux-x64/dist/extension.js:2:1061576)
	at process.processImmediate (node:internal/timers:483:21)
2025-02-19 10:15:58.612 [error] [redhat.java] provider FAILED
2025-02-19 10:15:58.612 [error] Error: The request (id: 7708, method: 'textDocument/documentSymbol') has been cancelled
	at /home/jacko/SpottedNDotted/vscodium/.vscode-oss/extensions/redhat.java-1.39.0-linux-x64/dist/extension.js:2:1066478
	at re (/home/jacko/SpottedNDotted/vscodium/.vscode-oss/extensions/redhat.java-1.39.0-linux-x64/dist/extension.js:2:1066772)
	at /home/jacko/SpottedNDotted/vscodium/.vscode-oss/extensions/redhat.java-1.39.0-linux-x64/dist/extension.js:2:1061556
	at Immediate.<anonymous> (/home/jacko/SpottedNDotted/vscodium/.vscode-oss/extensions/redhat.java-1.39.0-linux-x64/dist/extension.js:2:1061576)
	at process.processImmediate (node:internal/timers:483:21)
2025-02-19 10:16:21.328 [error] [redhat.java] provider FAILED
2025-02-19 10:16:21.328 [error] Error: The request (id: 7781, method: 'textDocument/documentSymbol') has been cancelled
	at /home/jacko/SpottedNDotted/vscodium/.vscode-oss/extensions/redhat.java-1.39.0-linux-x64/dist/extension.js:2:1066478
	at re (/home/jacko/SpottedNDotted/vscodium/.vscode-oss/extensions/redhat.java-1.39.0-linux-x64/dist/extension.js:2:1066772)
	at /home/jacko/SpottedNDotted/vscodium/.vscode-oss/extensions/redhat.java-1.39.0-linux-x64/dist/extension.js:2:1061556
	at Immediate.<anonymous> (/home/jacko/SpottedNDotted/vscodium/.vscode-oss/extensions/redhat.java-1.39.0-linux-x64/dist/extension.js:2:1061576)
	at process.processImmediate (node:internal/timers:483:21)
2025-02-19 10:16:24.414 [error] [redhat.java] provider FAILED
2025-02-19 10:16:24.414 [error] Error: The request (id: 7814, method: 'textDocument/documentSymbol') has been cancelled
	at /home/jacko/SpottedNDotted/vscodium/.vscode-oss/extensions/redhat.java-1.39.0-linux-x64/dist/extension.js:2:1066478
	at re (/home/jacko/SpottedNDotted/vscodium/.vscode-oss/extensions/redhat.java-1.39.0-linux-x64/dist/extension.js:2:1066772)
	at /home/jacko/SpottedNDotted/vscodium/.vscode-oss/extensions/redhat.java-1.39.0-linux-x64/dist/extension.js:2:1061556
	at Immediate.<anonymous> (/home/jacko/SpottedNDotted/vscodium/.vscode-oss/extensions/redhat.java-1.39.0-linux-x64/dist/extension.js:2:1061576)
	at process.processImmediate (node:internal/timers:483:21)
2025-02-19 10:17:55.176 [error] [redhat.java] provider FAILED
2025-02-19 10:17:55.176 [error] Error: The request (id: 8097, method: 'textDocument/documentSymbol') has been cancelled
	at /home/jacko/SpottedNDotted/vscodium/.vscode-oss/extensions/redhat.java-1.39.0-linux-x64/dist/extension.js:2:1066478
	at re (/home/jacko/SpottedNDotted/vscodium/.vscode-oss/extensions/redhat.java-1.39.0-linux-x64/dist/extension.js:2:1066772)
	at /home/jacko/SpottedNDotted/vscodium/.vscode-oss/extensions/redhat.java-1.39.0-linux-x64/dist/extension.js:2:1061556
	at Immediate.<anonymous> (/home/jacko/SpottedNDotted/vscodium/.vscode-oss/extensions/redhat.java-1.39.0-linux-x64/dist/extension.js:2:1061576)
	at process.processImmediate (node:internal/timers:483:21)
2025-02-19 10:18:19.453 [error] [redhat.java] provider FAILED
2025-02-19 10:18:19.454 [error] Error: The request (id: 8249, method: 'textDocument/hover') has been cancelled
	at /home/jacko/SpottedNDotted/vscodium/.vscode-oss/extensions/redhat.java-1.39.0-linux-x64/dist/extension.js:2:1066478
	at re (/home/jacko/SpottedNDotted/vscodium/.vscode-oss/extensions/redhat.java-1.39.0-linux-x64/dist/extension.js:2:1066772)
	at /home/jacko/SpottedNDotted/vscodium/.vscode-oss/extensions/redhat.java-1.39.0-linux-x64/dist/extension.js:2:1061556
	at Immediate.<anonymous> (/home/jacko/SpottedNDotted/vscodium/.vscode-oss/extensions/redhat.java-1.39.0-linux-x64/dist/extension.js:2:1061576)
	at process.processImmediate (node:internal/timers:483:21)
2025-02-19 10:18:34.751 [error] [redhat.java] provider FAILED
2025-02-19 10:18:34.751 [error] Error: The request (id: 8309, method: 'textDocument/documentSymbol') has been cancelled
	at /home/jacko/SpottedNDotted/vscodium/.vscode-oss/extensions/redhat.java-1.39.0-linux-x64/dist/extension.js:2:1066478
	at re (/home/jacko/SpottedNDotted/vscodium/.vscode-oss/extensions/redhat.java-1.39.0-linux-x64/dist/extension.js:2:1066772)
	at /home/jacko/SpottedNDotted/vscodium/.vscode-oss/extensions/redhat.java-1.39.0-linux-x64/dist/extension.js:2:1061556
	at Immediate.<anonymous> (/home/jacko/SpottedNDotted/vscodium/.vscode-oss/extensions/redhat.java-1.39.0-linux-x64/dist/extension.js:2:1061576)
	at process.processImmediate (node:internal/timers:483:21)
2025-02-19 10:19:27.525 [error] [redhat.java] provider FAILED
2025-02-19 10:19:27.525 [error] Error: The request (id: 8427, method: 'textDocument/documentSymbol') has been cancelled
	at /home/jacko/SpottedNDotted/vscodium/.vscode-oss/extensions/redhat.java-1.39.0-linux-x64/dist/extension.js:2:1066478
	at re (/home/jacko/SpottedNDotted/vscodium/.vscode-oss/extensions/redhat.java-1.39.0-linux-x64/dist/extension.js:2:1066772)
	at /home/jacko/SpottedNDotted/vscodium/.vscode-oss/extensions/redhat.java-1.39.0-linux-x64/dist/extension.js:2:1061556
	at Immediate.<anonymous> (/home/jacko/SpottedNDotted/vscodium/.vscode-oss/extensions/redhat.java-1.39.0-linux-x64/dist/extension.js:2:1061576)
	at process.processImmediate (node:internal/timers:483:21)
2025-02-19 10:19:40.712 [error] [redhat.java] provider FAILED
2025-02-19 10:19:40.712 [error] Error: The request (id: 8544, method: 'textDocument/documentSymbol') has been cancelled
	at /home/jacko/SpottedNDotted/vscodium/.vscode-oss/extensions/redhat.java-1.39.0-linux-x64/dist/extension.js:2:1066478
	at re (/home/jacko/SpottedNDotted/vscodium/.vscode-oss/extensions/redhat.java-1.39.0-linux-x64/dist/extension.js:2:1066772)
	at /home/jacko/SpottedNDotted/vscodium/.vscode-oss/extensions/redhat.java-1.39.0-linux-x64/dist/extension.js:2:1061556
	at Immediate.<anonymous> (/home/jacko/SpottedNDotted/vscodium/.vscode-oss/extensions/redhat.java-1.39.0-linux-x64/dist/extension.js:2:1061576)
	at process.processImmediate (node:internal/timers:483:21)
2025-02-19 22:40:50.033 [info] Extension host terminating: renderer closed the MessagePort
2025-02-19 22:40:50.065 [info] Extension host with pid 23053 exiting with code 0
