2025-02-22 12:03:58.134 [info] Extension host with pid 9964 started
2025-02-22 12:03:58.134 [info] Skipping acquiring lock for /home/jacko/.config/VSCodium/User/workspaceStorage/b5bac9f4a930f2eba86c651fb135983c.
2025-02-22 12:03:58.204 [info] ExtensionService#_doActivateExtension vscode.emmet, startup: false, activationEvent: 'onLanguage'
2025-02-22 12:03:58.273 [info] ExtensionService#_doActivateExtension vscode.git-base, startup: true, activationEvent: '*', root cause: vscode.git
2025-02-22 12:03:58.381 [info] ExtensionService#_doActivateExtension vscode.git, startup: true, activationEvent: '*'
2025-02-22 12:03:58.504 [info] ExtensionService#_doActivateExtension vscode.github, startup: true, activationEvent: '*'
2025-02-22 12:03:58.619 [info] Eager extensions activated
2025-02-22 12:03:58.667 [info] ExtensionService#_doActivateExtension vscode.debug-auto-launch, startup: false, activationEvent: 'onStartupFinished'
2025-02-22 12:03:58.671 [info] ExtensionService#_doActivateExtension vscode.merge-conflict, startup: false, activationEvent: 'onStartupFinished'
2025-02-22 12:03:58.702 [info] ExtensionService#_doActivateExtension esbenp.prettier-vscode, startup: false, activationEvent: 'onStartupFinished'
2025-02-22 12:04:13.320 [info] Extension host terminating: renderer closed the MessagePort
2025-02-22 12:04:13.333 [info] Extension host with pid 9964 exiting with code 0
2025-02-22 12:04:15.267 [info] Extension host with pid 10168 started
2025-02-22 12:04:15.267 [info] Skipping acquiring lock for /home/jacko/.config/VSCodium/User/workspaceStorage/f1b0318d58b39d3fa5f87640757772f0.
2025-02-22 12:04:15.439 [info] ExtensionService#_doActivateExtension vscode.emmet, startup: false, activationEvent: 'onLanguage'
2025-02-22 12:04:15.527 [info] ExtensionService#_doActivateExtension vscode.git-base, startup: true, activationEvent: '*', root cause: vscode.git
2025-02-22 12:04:15.643 [info] ExtensionService#_doActivateExtension vscode.git, startup: true, activationEvent: '*'
2025-02-22 12:04:15.759 [info] ExtensionService#_doActivateExtension vscode.github, startup: true, activationEvent: '*'
2025-02-22 12:04:15.881 [info] Eager extensions activated
2025-02-22 12:04:15.969 [info] ExtensionService#_doActivateExtension vscode.debug-auto-launch, startup: false, activationEvent: 'onStartupFinished'
2025-02-22 12:04:15.973 [info] ExtensionService#_doActivateExtension vscode.merge-conflict, startup: false, activationEvent: 'onStartupFinished'
2025-02-22 12:04:16.000 [info] ExtensionService#_doActivateExtension esbenp.prettier-vscode, startup: false, activationEvent: 'onStartupFinished'
2025-02-22 12:13:15.959 [info] Extension host terminating: renderer closed the MessagePort
2025-02-22 12:13:15.966 [info] Extension host with pid 10168 exiting with code 0
