[Error - 9:11:05 AM] Feb 19, 2025, 9:11:05 AM An internal error occurred during: "Initialize After Load".
Cannot invoke "org.osgi.framework.Bundle.start(int)" because the return value of "org.eclipse.core.runtime.Platform.getBundle(String)" is null
java.lang.NullPointerException: Cannot invoke "org.osgi.framework.Bundle.start(int)" because the return value of "org.eclipse.core.runtime.Platform.getBundle(String)" is null
	at org.eclipse.jdt.ls.core.internal.handlers.BundleUtils.startBundle(BundleUtils.java:360)
	at org.eclipse.jdt.ls.core.internal.JavaLanguageServerPlugin$1.run(JavaLanguageServerPlugin.java:196)
	at org.eclipse.core.internal.jobs.Worker.run(Worker.java:63)

[Error - 9:11:06 AM] Feb 19, 2025, 9:11:06 AM Failed to create linked resource from file:///home/jacko/Documents/TicTacToe.java to jdt.ls-java-project
Resource '/jdt.ls-java-project/src' already exists.
org.eclipse.core.internal.resources.ResourceException(/jdt.ls-java-project/src)[374]: java.lang.Exception: Resource '/jdt.ls-java-project/src' already exists.
	at org.eclipse.core.internal.resources.ResourceException.provideStackTrace(ResourceException.java:42)
	at org.eclipse.core.internal.resources.ResourceException.<init>(ResourceException.java:38)
	at org.eclipse.core.internal.resources.Resource.checkDoesNotExist(Resource.java:343)
	at org.eclipse.core.internal.resources.Resource.checkDoesNotExist(Resource.java:330)
	at org.eclipse.core.internal.resources.Folder.assertCreateRequirements(Folder.java:40)
	at org.eclipse.core.internal.resources.Folder.create(Folder.java:101)
	at org.eclipse.core.internal.resources.Folder.create(Folder.java:129)
	at org.eclipse.jdt.ls.core.internal.JDTUtils.createFolders(JDTUtils.java:332)
	at org.eclipse.jdt.ls.core.internal.JDTUtils.getFakeCompilationUnit(JDTUtils.java:313)
	at org.eclipse.jdt.ls.core.internal.JDTUtils.resolveCompilationUnit(JDTUtils.java:201)
	at org.eclipse.jdt.ls.core.internal.JDTUtils.resolveTypeRoot(JDTUtils.java:489)
	at org.eclipse.jdt.ls.core.internal.JDTUtils.resolveTypeRoot(JDTUtils.java:448)
	at org.eclipse.jdt.ls.core.internal.handlers.DocumentSymbolHandler.documentSymbol(DocumentSymbolHandler.java:108)
	at org.eclipse.jdt.ls.core.internal.syntaxserver.SyntaxLanguageServer.lambda$5(SyntaxLanguageServer.java:339)
	at org.eclipse.jdt.ls.core.internal.BaseJDTLanguageServer.lambda$0(BaseJDTLanguageServer.java:87)
	at java.base/java.util.concurrent.CompletableFuture$UniApply.tryFire(Unknown Source)
	at java.base/java.util.concurrent.CompletableFuture$Completion.exec(Unknown Source)
	at java.base/java.util.concurrent.ForkJoinTask.doExec(Unknown Source)
	at java.base/java.util.concurrent.ForkJoinPool$WorkQueue.topLevelExec(Unknown Source)
	at java.base/java.util.concurrent.ForkJoinPool.scan(Unknown Source)
	at java.base/java.util.concurrent.ForkJoinPool.runWorker(Unknown Source)
	at java.base/java.util.concurrent.ForkJoinWorkerThread.run(Unknown Source)

[Error - 9:11:06 AM] Feb 19, 2025, 9:11:06 AM Failed to create linked resource from file:///home/jacko/Documents/TicTacToe.java to jdt.ls-java-project
Resource '/jdt.ls-java-project/src' already exists.
org.eclipse.core.internal.resources.ResourceException(/jdt.ls-java-project/src)[374]: java.lang.Exception: Resource '/jdt.ls-java-project/src' already exists.
	at org.eclipse.core.internal.resources.ResourceException.provideStackTrace(ResourceException.java:42)
	at org.eclipse.core.internal.resources.ResourceException.<init>(ResourceException.java:38)
	at org.eclipse.core.internal.resources.Resource.checkDoesNotExist(Resource.java:343)
	at org.eclipse.core.internal.resources.Resource.checkDoesNotExist(Resource.java:330)
	at org.eclipse.core.internal.resources.Folder.assertCreateRequirements(Folder.java:40)
	at org.eclipse.core.internal.resources.Folder.create(Folder.java:101)
	at org.eclipse.core.internal.resources.Folder.create(Folder.java:129)
	at org.eclipse.jdt.ls.core.internal.JDTUtils.createFolders(JDTUtils.java:332)
	at org.eclipse.jdt.ls.core.internal.JDTUtils.getFakeCompilationUnit(JDTUtils.java:313)
	at org.eclipse.jdt.ls.core.internal.JDTUtils.resolveCompilationUnit(JDTUtils.java:201)
	at org.eclipse.jdt.ls.core.internal.JDTUtils.resolveTypeRoot(JDTUtils.java:489)
	at org.eclipse.jdt.ls.core.internal.JDTUtils.resolveTypeRoot(JDTUtils.java:448)
	at org.eclipse.jdt.ls.core.internal.handlers.DocumentSymbolHandler.documentSymbol(DocumentSymbolHandler.java:108)
	at org.eclipse.jdt.ls.core.internal.syntaxserver.SyntaxLanguageServer.lambda$5(SyntaxLanguageServer.java:339)
	at org.eclipse.jdt.ls.core.internal.BaseJDTLanguageServer.lambda$0(BaseJDTLanguageServer.java:87)
	at java.base/java.util.concurrent.CompletableFuture$UniApply.tryFire(Unknown Source)
	at java.base/java.util.concurrent.CompletableFuture$Completion.exec(Unknown Source)
	at java.base/java.util.concurrent.ForkJoinTask.doExec(Unknown Source)
	at java.base/java.util.concurrent.ForkJoinPool$WorkQueue.topLevelExec(Unknown Source)
	at java.base/java.util.concurrent.ForkJoinPool.scan(Unknown Source)
	at java.base/java.util.concurrent.ForkJoinPool.runWorker(Unknown Source)
	at java.base/java.util.concurrent.ForkJoinWorkerThread.run(Unknown Source)

