Feb 21, 2025 10:12:47 PM org.apache.aries.spifly.BaseActivator log
INFO: Registered provider ch.qos.logback.classic.servlet.LogbackServletContainerInitializer of service jakarta.servlet.ServletContainerInitializer in bundle ch.qos.logback.classic
Feb 21, 2025 10:12:47 PM org.apache.aries.spifly.BaseActivator log
INFO: Registered provider ch.qos.logback.classic.spi.LogbackServiceProvider of service org.slf4j.spi.SLF4JServiceProvider in bundle ch.qos.logback.classic
Feb 21, 2025 10:12:52 PM com.microsoft.java.debug.plugin.internal.JavaDebuggerServerPlugin start
INFO: Starting com.microsoft.java.debug.plugin
[Error - 10:12:53 PM] Feb 21, 2025, 10:12:53 PM Failed to create linked resource from file:///home/jacko/Documents/TicTacToe.java to jdt.ls-java-project
Resource '/jdt.ls-java-project/src/TicTacToe.java' already exists.
org.eclipse.core.internal.resources.ResourceException(/jdt.ls-java-project/src/TicTacToe.java)[367]: java.lang.Exception: Resource '/jdt.ls-java-project/src/TicTacToe.java' already exists.
	at org.eclipse.core.internal.resources.ResourceException.provideStackTrace(ResourceException.java:42)
	at org.eclipse.core.internal.resources.ResourceException.<init>(ResourceException.java:38)
	at org.eclipse.core.internal.resources.Workspace.createResource(Workspace.java:1459)
	at org.eclipse.core.internal.resources.Workspace.createResource(Workspace.java:1394)
	at org.eclipse.core.internal.resources.Resource.createLink(Resource.java:678)
	at org.eclipse.jdt.ls.core.internal.JDTUtils.getFakeCompilationUnit(JDTUtils.java:314)
	at org.eclipse.jdt.ls.core.internal.JDTUtils.getFakeCompilationUnit(JDTUtils.java:263)
	at org.eclipse.jdt.ls.core.internal.handlers.DocumentLifeCycleHandler.resolveCompilationUnit(DocumentLifeCycleHandler.java:74)
	at org.eclipse.jdt.ls.core.internal.handlers.BaseDocumentLifeCycleHandler.handleOpen(BaseDocumentLifeCycleHandler.java:408)
	at org.eclipse.jdt.ls.core.internal.handlers.BaseDocumentLifeCycleHandler.lambda$0(BaseDocumentLifeCycleHandler.java:355)
	at org.eclipse.core.internal.resources.Workspace.run(Workspace.java:2457)
	at org.eclipse.core.internal.resources.Workspace.run(Workspace.java:2482)
	at org.eclipse.jdt.ls.core.internal.handlers.BaseDocumentLifeCycleHandler.didOpen(BaseDocumentLifeCycleHandler.java:355)
	at org.eclipse.jdt.ls.core.internal.handlers.JDTLanguageServer.didOpen(JDTLanguageServer.java:879)
	at java.base/jdk.internal.reflect.DirectMethodHandleAccessor.invoke(Unknown Source)
	at java.base/java.lang.reflect.Method.invoke(Unknown Source)
	at org.eclipse.lsp4j.jsonrpc.services.GenericEndpoint.lambda$recursiveFindRpcMethods$0(GenericEndpoint.java:65)
	at org.eclipse.lsp4j.jsonrpc.services.GenericEndpoint.notify(GenericEndpoint.java:160)
	at org.eclipse.lsp4j.jsonrpc.RemoteEndpoint.handleNotification(RemoteEndpoint.java:231)
	at org.eclipse.lsp4j.jsonrpc.RemoteEndpoint.consume(RemoteEndpoint.java:198)
	at org.eclipse.jdt.ls.core.internal.ParentProcessWatcher.lambda$1(ParentProcessWatcher.java:144)
	at org.eclipse.lsp4j.jsonrpc.json.StreamMessageProducer.handleMessage(StreamMessageProducer.java:185)
	at org.eclipse.lsp4j.jsonrpc.json.StreamMessageProducer.listen(StreamMessageProducer.java:97)
	at org.eclipse.lsp4j.jsonrpc.json.ConcurrentMessageProcessor.run(ConcurrentMessageProcessor.java:114)
	at java.base/java.util.concurrent.Executors$RunnableAdapter.call(Unknown Source)
	at java.base/java.util.concurrent.FutureTask.run(Unknown Source)
	at java.base/java.util.concurrent.ThreadPoolExecutor.runWorker(Unknown Source)
	at java.base/java.util.concurrent.ThreadPoolExecutor$Worker.run(Unknown Source)
	at java.base/java.lang.Thread.run(Unknown Source)

Feb 21, 2025 10:12:54 PM org.eclipse.lsp4j.jsonrpc.RemoteEndpoint handleCancellation
WARNING: Unmatched cancel notification for request id 1
