[Error - 10:12:49 PM] Feb 21, 2025, 10:12:49 PM An internal error occurred during: "Initialize After Load".
Cannot invoke "org.osgi.framework.Bundle.start(int)" because the return value of "org.eclipse.core.runtime.Platform.getBundle(String)" is null
java.lang.NullPointerException: Cannot invoke "org.osgi.framework.Bundle.start(int)" because the return value of "org.eclipse.core.runtime.Platform.getBundle(String)" is null
	at org.eclipse.jdt.ls.core.internal.handlers.BundleUtils.startBundle(BundleUtils.java:360)
	at org.eclipse.jdt.ls.core.internal.JavaLanguageServerPlugin$1.run(JavaLanguageServerPlugin.java:196)
	at org.eclipse.core.internal.jobs.Worker.run(Worker.java:63)

[Error - 10:12:51 PM] Feb 21, 2025, 10:12:51 PM Failed to create linked resource from file:///home/jacko/Documents/TicTacToe.java to jdt.ls-java-project
Resource '/jdt.ls-java-project/src/TicTacToe.java' already exists.
org.eclipse.core.internal.resources.ResourceException(/jdt.ls-java-project/src/TicTacToe.java)[367]: java.lang.Exception: Resource '/jdt.ls-java-project/src/TicTacToe.java' already exists.
	at org.eclipse.core.internal.resources.ResourceException.provideStackTrace(ResourceException.java:42)
	at org.eclipse.core.internal.resources.ResourceException.<init>(ResourceException.java:38)
	at org.eclipse.core.internal.resources.Workspace.createResource(Workspace.java:1459)
	at org.eclipse.core.internal.resources.Workspace.createResource(Workspace.java:1394)
	at org.eclipse.core.internal.resources.Resource.createLink(Resource.java:678)
	at org.eclipse.jdt.ls.core.internal.JDTUtils.getFakeCompilationUnit(JDTUtils.java:314)
	at org.eclipse.jdt.ls.core.internal.JDTUtils.resolveCompilationUnit(JDTUtils.java:201)
	at org.eclipse.jdt.ls.core.internal.JDTUtils.resolveTypeRoot(JDTUtils.java:489)
	at org.eclipse.jdt.ls.core.internal.JDTUtils.resolveTypeRoot(JDTUtils.java:448)
	at org.eclipse.jdt.ls.core.internal.handlers.DocumentSymbolHandler.documentSymbol(DocumentSymbolHandler.java:108)
	at org.eclipse.jdt.ls.core.internal.syntaxserver.SyntaxLanguageServer.lambda$5(SyntaxLanguageServer.java:339)
	at org.eclipse.jdt.ls.core.internal.BaseJDTLanguageServer.lambda$0(BaseJDTLanguageServer.java:87)
	at java.base/java.util.concurrent.CompletableFuture$UniApply.tryFire(Unknown Source)
	at java.base/java.util.concurrent.CompletableFuture$Completion.exec(Unknown Source)
	at java.base/java.util.concurrent.ForkJoinTask.doExec(Unknown Source)
	at java.base/java.util.concurrent.ForkJoinPool$WorkQueue.topLevelExec(Unknown Source)
	at java.base/java.util.concurrent.ForkJoinPool.scan(Unknown Source)
	at java.base/java.util.concurrent.ForkJoinPool.runWorker(Unknown Source)
	at java.base/java.util.concurrent.ForkJoinWorkerThread.run(Unknown Source)

[Error - 10:12:51 PM] Feb 21, 2025, 10:12:51 PM Failed to create linked resource from file:///home/jacko/Documents/TicTacToe.java to jdt.ls-java-project
Resource '/jdt.ls-java-project/src/TicTacToe.java' already exists.
org.eclipse.core.internal.resources.ResourceException(/jdt.ls-java-project/src/TicTacToe.java)[367]: java.lang.Exception: Resource '/jdt.ls-java-project/src/TicTacToe.java' already exists.
	at org.eclipse.core.internal.resources.ResourceException.provideStackTrace(ResourceException.java:42)
	at org.eclipse.core.internal.resources.ResourceException.<init>(ResourceException.java:38)
	at org.eclipse.core.internal.resources.Workspace.createResource(Workspace.java:1459)
	at org.eclipse.core.internal.resources.Workspace.createResource(Workspace.java:1394)
	at org.eclipse.core.internal.resources.Resource.createLink(Resource.java:678)
	at org.eclipse.jdt.ls.core.internal.JDTUtils.getFakeCompilationUnit(JDTUtils.java:314)
	at org.eclipse.jdt.ls.core.internal.JDTUtils.resolveCompilationUnit(JDTUtils.java:201)
	at org.eclipse.jdt.ls.core.internal.JDTUtils.resolveTypeRoot(JDTUtils.java:489)
	at org.eclipse.jdt.ls.core.internal.JDTUtils.resolveTypeRoot(JDTUtils.java:448)
	at org.eclipse.jdt.ls.core.internal.handlers.DocumentSymbolHandler.documentSymbol(DocumentSymbolHandler.java:108)
	at org.eclipse.jdt.ls.core.internal.syntaxserver.SyntaxLanguageServer.lambda$5(SyntaxLanguageServer.java:339)
	at org.eclipse.jdt.ls.core.internal.BaseJDTLanguageServer.lambda$0(BaseJDTLanguageServer.java:87)
	at java.base/java.util.concurrent.CompletableFuture$UniApply.tryFire(Unknown Source)
	at java.base/java.util.concurrent.CompletableFuture$Completion.exec(Unknown Source)
	at java.base/java.util.concurrent.ForkJoinTask.doExec(Unknown Source)
	at java.base/java.util.concurrent.ForkJoinPool$WorkQueue.topLevelExec(Unknown Source)
	at java.base/java.util.concurrent.ForkJoinPool.scan(Unknown Source)
	at java.base/java.util.concurrent.ForkJoinPool.runWorker(Unknown Source)
	at java.base/java.util.concurrent.ForkJoinWorkerThread.run(Unknown Source)

